#
# There is insufficient memory for the Java Runtime Environment to continue.
# Native memory allocation (malloc) failed to allocate 32784 bytes for Chunk::new
# Possible reasons:
#   The system is out of physical RAM or swap space
#   The process is running with CompressedOops enabled, and the Java Heap may be blocking the growth of the native heap
# Possible solutions:
#   Reduce memory load on the system
#   Increase physical memory or swap space
#   Check if swap backing store is full
#   Decrease Java heap size (-Xmx/-Xms)
#   Decrease number of Java threads
#   Decrease Java thread stack sizes (-Xss)
#   Set larger code cache with -XX:ReservedCodeCacheSize=
#   JVM is running with Unscaled Compressed Oops mode in which the Java heap is
#     placed in the first 4GB address space. The Java Heap base address is the
#     maximum limit for the native heap growth. Please use -XX:HeapBaseMinAddress
#     to set the Java Heap base and to place the Java Heap above 4GB virtual address.
# This output file may be truncated or incomplete.
#
#  Out of Memory Error (./src/hotspot/share/memory/arena.cpp:197), pid=20860, tid=9404
#
# JRE version: OpenJDK Runtime Environment (11.0.13) (build 11.0.13+0-b1751.21-8125866)
# Java VM: OpenJDK 64-Bit Server VM (11.0.13+0-b1751.21-8125866, mixed mode, tiered, compressed oops, g1 gc, windows-amd64)
# No core dump will be written. Minidumps are not enabled by default on client versions of Windows
#

---------------  S U M M A R Y ------------

Command Line: --add-opens=java.base/java.util=ALL-UNNAMED --add-opens=java.base/java.lang=ALL-UNNAMED --add-opens=java.base/java.lang.invoke=ALL-UNNAMED --add-opens=java.base/java.util=ALL-UNNAMED --add-opens=java.prefs/java.util.prefs=ALL-UNNAMED --add-opens=java.prefs/java.util.prefs=ALL-UNNAMED --add-opens=java.base/java.nio.charset=ALL-UNNAMED --add-opens=java.base/java.net=ALL-UNNAMED --add-opens=java.base/java.util.concurrent.atomic=ALL-UNNAMED -Xmx2048m -Dfile.encoding=UTF-8 -Duser.country=US -Duser.language=en -Duser.variant org.gradle.launcher.daemon.bootstrap.GradleDaemon 7.4

Host: Intel(R) Core(TM) i7-4610M CPU @ 3.00GHz, 4 cores, 15G,  Windows 10 , 64 bit Build 19041 (10.0.19041.2251)
Time: Sun Dec  4 00:04:09 2022 Egypt Standard Time elapsed time: 20.459228 seconds (0d 0h 0m 20s)

---------------  T H R E A D  ---------------

Current thread (0x0000020dfaf9d800):  JavaThread "C2 CompilerThread1" daemon [_thread_in_native, id=9404, stack(0x000000c400a00000,0x000000c400b00000)]


Current CompileTask:
C2:  20459 5712       4       org.objectweb.asm.Frame::execute (2318 bytes)

Stack: [0x000000c400a00000,0x000000c400b00000]
Native frames: (J=compiled Java code, j=interpreted, Vv=VM code, C=native code)
V  [jvm.dll+0x6100fa]
V  [jvm.dll+0x747090]
V  [jvm.dll+0x7486ad]
V  [jvm.dll+0x748d83]
V  [jvm.dll+0x24ab48]
V  [jvm.dll+0xc04dc]
V  [jvm.dll+0xc0a0c]
V  [jvm.dll+0xc060c]
V  [jvm.dll+0x5eed90]
V  [jvm.dll+0x524f92]
V  [jvm.dll+0x524557]
V  [jvm.dll+0x20b193]
V  [jvm.dll+0x204ca0]
V  [jvm.dll+0x2023c2]
V  [jvm.dll+0x188e01]
V  [jvm.dll+0x21106b]
V  [jvm.dll+0x20f8c1]
V  [jvm.dll+0x70de0f]
V  [jvm.dll+0x706a75]
V  [jvm.dll+0x60ed66]
C  [ucrtbase.dll+0x21bb2]
C  [KERNEL32.DLL+0x174b4]
C  [ntdll.dll+0x526a1]


---------------  P R O C E S S  ---------------

Threads class SMR info:
_java_thread_list=0x0000020dfc318c70, length=78, elements={
0x0000020dee684000, 0x0000020df9af1800, 0x0000020df9af2800, 0x0000020df9b14000,
0x0000020df9b15000, 0x0000020df9b16800, 0x0000020df9b19800, 0x0000020df9b1a800,
0x0000020df9bc7000, 0x0000020df9cbe800, 0x0000020dfc3a1800, 0x0000020dfb1e6800,
0x0000020dfc437800, 0x0000020dfc86e000, 0x0000020dfb1da000, 0x0000020dfa20f800,
0x0000020dfa210000, 0x0000020dfc5f5800, 0x0000020dfc5fe800, 0x0000020dfb009000,
0x0000020dfc413000, 0x0000020dfc416800, 0x0000020dfc415800, 0x0000020dfc412800,
0x0000020dfc414000, 0x0000020dfc418000, 0x0000020dfc417800, 0x0000020dfc419000,
0x0000020dfc415000, 0x0000020dfa612000, 0x0000020dfa610800, 0x0000020dfa615800,
0x0000020dfa618000, 0x0000020dfa613800, 0x0000020dfa61a800, 0x0000020dfa619800,
0x0000020dfa61c000, 0x0000020dfa61c800, 0x0000020dfa61d800, 0x0000020dfa61e800,
0x0000020dfa61b000, 0x0000020dfa618800, 0x0000020dfa61f000, 0x0000020dfb678800,
0x0000020dfb67b000, 0x0000020dfb67b800, 0x0000020dfb676000, 0x0000020dfb677800,
0x0000020dfb67a000, 0x0000020dfb67c800, 0x0000020dfb677000, 0x0000020dfb67e000,
0x0000020dfb67d800, 0x0000020dfb67f000, 0x0000020dfb679800, 0x0000020dfb683000,
0x0000020dfb680800, 0x0000020dfb684000, 0x0000020dfb684800, 0x0000020dfb680000,
0x0000020dfb681800, 0x0000020dfb682800, 0x0000020dfc247000, 0x0000020dfc24b000,
0x0000020dfc246000, 0x0000020dfc245000, 0x0000020dfc24a000, 0x0000020dfc24c000,
0x0000020dfc24c800, 0x0000020dfc24d800, 0x0000020dfc247800, 0x0000020dfc249800,
0x0000020dfc24e000, 0x0000020dfc248800, 0x0000020dfc254000, 0x0000020dfc24f000,
0x0000020dfc251800, 0x0000020dfaf9d800
}

Java Threads: ( => current thread )
  0x0000020dee684000 JavaThread "main" [_thread_blocked, id=16792, stack(0x000000c47db00000,0x000000c47dc00000)]
  0x0000020df9af1800 JavaThread "Reference Handler" daemon [_thread_blocked, id=14388, stack(0x000000c47e200000,0x000000c47e300000)]
  0x0000020df9af2800 JavaThread "Finalizer" daemon [_thread_blocked, id=17508, stack(0x000000c47e300000,0x000000c47e400000)]
  0x0000020df9b14000 JavaThread "Signal Dispatcher" daemon [_thread_blocked, id=21460, stack(0x000000c47e400000,0x000000c47e500000)]
  0x0000020df9b15000 JavaThread "Attach Listener" daemon [_thread_blocked, id=364, stack(0x000000c47e500000,0x000000c47e600000)]
  0x0000020df9b16800 JavaThread "Service Thread" daemon [_thread_blocked, id=18556, stack(0x000000c47e600000,0x000000c47e700000)]
  0x0000020df9b19800 JavaThread "C2 CompilerThread0" daemon [_thread_in_native, id=5704, stack(0x000000c47e700000,0x000000c47e800000)]
  0x0000020df9b1a800 JavaThread "C1 CompilerThread0" daemon [_thread_blocked, id=11920, stack(0x000000c47e800000,0x000000c47e900000)]
  0x0000020df9bc7000 JavaThread "Sweeper thread" daemon [_thread_blocked, id=5956, stack(0x000000c47e900000,0x000000c47ea00000)]
  0x0000020df9cbe800 JavaThread "Common-Cleaner" daemon [_thread_blocked, id=20528, stack(0x000000c47ea00000,0x000000c47eb00000)]
  0x0000020dfc3a1800 JavaThread "Daemon health stats" [_thread_blocked, id=18548, stack(0x000000c47f000000,0x000000c47f100000)]
  0x0000020dfb1e6800 JavaThread "Incoming local TCP Connector on port 56727" [_thread_in_native, id=11764, stack(0x000000c47ef00000,0x000000c47f000000)]
  0x0000020dfc437800 JavaThread "Daemon periodic checks" [_thread_blocked, id=18180, stack(0x000000c47f100000,0x000000c47f200000)]
  0x0000020dfc86e000 JavaThread "Daemon" [_thread_blocked, id=18744, stack(0x000000c47f200000,0x000000c47f300000)]
  0x0000020dfb1da000 JavaThread "Handler for socket connection from /127.0.0.1:56727 to /127.0.0.1:56728" [_thread_in_native, id=10772, stack(0x000000c47f300000,0x000000c47f400000)]
  0x0000020dfa20f800 JavaThread "Cancel handler" [_thread_blocked, id=5780, stack(0x000000c47f400000,0x000000c47f500000)]
  0x0000020dfa210000 JavaThread "Daemon worker" [_thread_in_vm, id=15548, stack(0x000000c47f500000,0x000000c47f600000)]
  0x0000020dfc5f5800 JavaThread "Asynchronous log dispatcher for DefaultDaemonConnection: socket connection from /127.0.0.1:56727 to /127.0.0.1:56728" [_thread_blocked, id=9488, stack(0x000000c47f600000,0x000000c47f700000)]
  0x0000020dfc5fe800 JavaThread "Stdin handler" [_thread_blocked, id=10156, stack(0x000000c47f700000,0x000000c47f800000)]
  0x0000020dfb009000 JavaThread "Daemon client event forwarder" [_thread_blocked, id=1168, stack(0x000000c47f800000,0x000000c47f900000)]
  0x0000020dfc413000 JavaThread "Cache worker for journal cache (C:\Users\NUMBER 1\.gradle\caches\journal-1)" [_thread_blocked, id=3408, stack(0x000000c47f900000,0x000000c47fa00000)]
  0x0000020dfc416800 JavaThread "File lock request listener" [_thread_in_native, id=18364, stack(0x000000c47fa00000,0x000000c47fb00000)]
  0x0000020dfc415800 JavaThread "Cache worker for file hash cache (C:\Users\NUMBER 1\.gradle\caches\7.4\fileHashes)" [_thread_blocked, id=22260, stack(0x000000c47fb00000,0x000000c47fc00000)]
  0x0000020dfc412800 JavaThread "File watcher server" daemon [_thread_in_native, id=2536, stack(0x000000c47fd00000,0x000000c47fe00000)]
  0x0000020dfc414000 JavaThread "File watcher consumer" daemon [_thread_blocked, id=7900, stack(0x000000c47fe00000,0x000000c47ff00000)]
  0x0000020dfc418000 JavaThread "Cache worker for checksums cache (E:\Android Project\Online Groceries\.gradle\7.4\checksums)" [_thread_blocked, id=6948, stack(0x000000c47ff00000,0x000000c480000000)]
  0x0000020dfc417800 JavaThread "Cache worker for cache directory md-rule (C:\Users\NUMBER 1\.gradle\caches\7.4\md-rule)" [_thread_blocked, id=13100, stack(0x000000c400000000,0x000000c400100000)]
  0x0000020dfc419000 JavaThread "Cache worker for file hash cache (E:\Android Project\Online Groceries\.gradle\7.4\fileHashes)" [_thread_blocked, id=13120, stack(0x000000c400100000,0x000000c400200000)]
  0x0000020dfc415000 JavaThread "Cache worker for cache directory md-supplier (C:\Users\NUMBER 1\.gradle\caches\7.4\md-supplier)" [_thread_blocked, id=844, stack(0x000000c400200000,0x000000c400300000)]
  0x0000020dfa612000 JavaThread "Cache worker for execution history cache (C:\Users\NUMBER 1\.gradle\caches\7.4\executionHistory)" [_thread_blocked, id=6520, stack(0x000000c400300000,0x000000c400400000)]
  0x0000020dfa610800 JavaThread "jar transforms" [_thread_blocked, id=6856, stack(0x000000c400400000,0x000000c400500000)]
  0x0000020dfa615800 JavaThread "Cache worker for file content cache (C:\Users\NUMBER 1\.gradle\caches\7.4\fileContent)" [_thread_blocked, id=21540, stack(0x000000c400500000,0x000000c400600000)]
  0x0000020dfa618000 JavaThread "jar transforms Thread 2" [_thread_blocked, id=16396, stack(0x000000c400600000,0x000000c400700000)]
  0x0000020dfa613800 JavaThread "Cache worker for dependencies-accessors (E:\Android Project\Online Groceries\.gradle\7.4\dependencies-accessors)" [_thread_blocked, id=19756, stack(0x000000c400700000,0x000000c400800000)]
  0x0000020dfa61a800 JavaThread "jar transforms Thread 3" [_thread_blocked, id=10924, stack(0x000000c400800000,0x000000c400900000)]
  0x0000020dfa619800 JavaThread "Cache worker for Build Output Cleanup Cache (E:\Android Project\Online Groceries\.gradle\buildOutputCleanup)" [_thread_blocked, id=15544, stack(0x000000c400900000,0x000000c400a00000)]
  0x0000020dfa61c000 JavaThread "Unconstrained build operations" [_thread_blocked, id=2548, stack(0x000000c400b00000,0x000000c400c00000)]
  0x0000020dfa61c800 JavaThread "Unconstrained build operations Thread 2" [_thread_blocked, id=2180, stack(0x000000c400c00000,0x000000c400d00000)]
  0x0000020dfa61d800 JavaThread "Unconstrained build operations Thread 3" [_thread_blocked, id=17596, stack(0x000000c400d00000,0x000000c400e00000)]
  0x0000020dfa61e800 JavaThread "Unconstrained build operations Thread 4" [_thread_blocked, id=17076, stack(0x000000c400e00000,0x000000c400f00000)]
  0x0000020dfa61b000 JavaThread "Unconstrained build operations Thread 5" [_thread_blocked, id=1756, stack(0x000000c400f00000,0x000000c401000000)]
  0x0000020dfa618800 JavaThread "Unconstrained build operations Thread 6" [_thread_blocked, id=18896, stack(0x000000c401000000,0x000000c401100000)]
  0x0000020dfa61f000 JavaThread "Unconstrained build operations Thread 7" [_thread_blocked, id=13364, stack(0x000000c401100000,0x000000c401200000)]
  0x0000020dfb678800 JavaThread "Unconstrained build operations Thread 8" [_thread_blocked, id=15144, stack(0x000000c401200000,0x000000c401300000)]
  0x0000020dfb67b000 JavaThread "Unconstrained build operations Thread 9" [_thread_blocked, id=21064, stack(0x000000c401300000,0x000000c401400000)]
  0x0000020dfb67b800 JavaThread "Unconstrained build operations Thread 10" [_thread_blocked, id=16416, stack(0x000000c401400000,0x000000c401500000)]
  0x0000020dfb676000 JavaThread "Unconstrained build operations Thread 11" [_thread_blocked, id=21880, stack(0x000000c401500000,0x000000c401600000)]
  0x0000020dfb677800 JavaThread "Unconstrained build operations Thread 12" [_thread_blocked, id=8240, stack(0x000000c401600000,0x000000c401700000)]
  0x0000020dfb67a000 JavaThread "Unconstrained build operations Thread 13" [_thread_blocked, id=6980, stack(0x000000c401700000,0x000000c401800000)]
  0x0000020dfb67c800 JavaThread "Unconstrained build operations Thread 14" [_thread_blocked, id=21252, stack(0x000000c401800000,0x000000c401900000)]
  0x0000020dfb677000 JavaThread "Unconstrained build operations Thread 15" [_thread_blocked, id=9880, stack(0x000000c401900000,0x000000c401a00000)]
  0x0000020dfb67e000 JavaThread "Unconstrained build operations Thread 16" [_thread_blocked, id=2936, stack(0x000000c401a00000,0x000000c401b00000)]
  0x0000020dfb67d800 JavaThread "Unconstrained build operations Thread 17" [_thread_blocked, id=22396, stack(0x000000c401b00000,0x000000c401c00000)]
  0x0000020dfb67f000 JavaThread "Unconstrained build operations Thread 18" [_thread_blocked, id=11684, stack(0x000000c401c00000,0x000000c401d00000)]
  0x0000020dfb679800 JavaThread "Unconstrained build operations Thread 19" [_thread_blocked, id=18704, stack(0x000000c401d00000,0x000000c401e00000)]
  0x0000020dfb683000 JavaThread "Unconstrained build operations Thread 20" [_thread_blocked, id=4652, stack(0x000000c401e00000,0x000000c401f00000)]
  0x0000020dfb680800 JavaThread "Unconstrained build operations Thread 21" [_thread_blocked, id=15448, stack(0x000000c401f00000,0x000000c402000000)]
  0x0000020dfb684000 JavaThread "Unconstrained build operations Thread 22" [_thread_blocked, id=8004, stack(0x000000c402000000,0x000000c402100000)]
  0x0000020dfb684800 JavaThread "Unconstrained build operations Thread 23" [_thread_blocked, id=11436, stack(0x000000c402100000,0x000000c402200000)]
  0x0000020dfb680000 JavaThread "Unconstrained build operations Thread 24" [_thread_blocked, id=21280, stack(0x000000c402200000,0x000000c402300000)]
  0x0000020dfb681800 JavaThread "Unconstrained build operations Thread 25" [_thread_blocked, id=13652, stack(0x000000c402300000,0x000000c402400000)]
  0x0000020dfb682800 JavaThread "Unconstrained build operations Thread 26" [_thread_blocked, id=20560, stack(0x000000c402400000,0x000000c402500000)]
  0x0000020dfc247000 JavaThread "Unconstrained build operations Thread 27" [_thread_blocked, id=18576, stack(0x000000c402500000,0x000000c402600000)]
  0x0000020dfc24b000 JavaThread "Unconstrained build operations Thread 28" [_thread_blocked, id=17580, stack(0x000000c402600000,0x000000c402700000)]
  0x0000020dfc246000 JavaThread "Unconstrained build operations Thread 29" [_thread_blocked, id=9124, stack(0x000000c402700000,0x000000c402800000)]
  0x0000020dfc245000 JavaThread "Unconstrained build operations Thread 30" [_thread_blocked, id=5068, stack(0x000000c402800000,0x000000c402900000)]
  0x0000020dfc24a000 JavaThread "Unconstrained build operations Thread 31" [_thread_blocked, id=18860, stack(0x000000c402900000,0x000000c402a00000)]
  0x0000020dfc24c000 JavaThread "Unconstrained build operations Thread 32" [_thread_blocked, id=3004, stack(0x000000c402a00000,0x000000c402b00000)]
  0x0000020dfc24c800 JavaThread "Unconstrained build operations Thread 33" [_thread_blocked, id=20000, stack(0x000000c402b00000,0x000000c402c00000)]
  0x0000020dfc24d800 JavaThread "Unconstrained build operations Thread 34" [_thread_blocked, id=5276, stack(0x000000c402c00000,0x000000c402d00000)]
  0x0000020dfc247800 JavaThread "Unconstrained build operations Thread 35" [_thread_blocked, id=21860, stack(0x000000c402d00000,0x000000c402e00000)]
  0x0000020dfc249800 JavaThread "Unconstrained build operations Thread 36" [_thread_blocked, id=18012, stack(0x000000c402e00000,0x000000c402f00000)]
  0x0000020dfc24e000 JavaThread "Unconstrained build operations Thread 37" [_thread_blocked, id=2988, stack(0x000000c402f00000,0x000000c403000000)]
  0x0000020dfc248800 JavaThread "Unconstrained build operations Thread 38" [_thread_blocked, id=17356, stack(0x000000c403000000,0x000000c403100000)]
  0x0000020dfc254000 JavaThread "Unconstrained build operations Thread 39" [_thread_blocked, id=20184, stack(0x000000c403100000,0x000000c403200000)]
  0x0000020dfc24f000 JavaThread "Unconstrained build operations Thread 40" [_thread_blocked, id=18964, stack(0x000000c403200000,0x000000c403300000)]
  0x0000020dfc251800 JavaThread "jar transforms Thread 4" [_thread_blocked, id=16368, stack(0x000000c403300000,0x000000c403400000)]
=>0x0000020dfaf9d800 JavaThread "C2 CompilerThread1" daemon [_thread_in_native, id=9404, stack(0x000000c400a00000,0x000000c400b00000)]

Other Threads:
  0x0000020df92cd800 VMThread "VM Thread" [stack: 0x000000c47e100000,0x000000c47e200000] [id=20592]
  0x0000020df9d14800 WatcherThread [stack: 0x000000c47eb00000,0x000000c47ec00000] [id=6336]
  0x0000020dee696800 GCTaskThread "GC Thread#0" [stack: 0x000000c47dc00000,0x000000c47dd00000] [id=21852]
  0x0000020dfa680800 GCTaskThread "GC Thread#1" [stack: 0x000000c47ec00000,0x000000c47ed00000] [id=5712]
  0x0000020dfa063000 GCTaskThread "GC Thread#2" [stack: 0x000000c47ed00000,0x000000c47ee00000] [id=5044]
  0x0000020dfa063800 GCTaskThread "GC Thread#3" [stack: 0x000000c47ee00000,0x000000c47ef00000] [id=8080]
  0x0000020dee6c9000 ConcurrentGCThread "G1 Main Marker" [stack: 0x000000c47dd00000,0x000000c47de00000] [id=21204]
  0x0000020dee6cb800 ConcurrentGCThread "G1 Conc#0" [stack: 0x000000c47de00000,0x000000c47df00000] [id=6552]
  0x0000020dee75e000 ConcurrentGCThread "G1 Refine#0" [stack: 0x000000c47df00000,0x000000c47e000000] [id=10008]
  0x0000020df9138800 ConcurrentGCThread "G1 Young RemSet Sampling" [stack: 0x000000c47e000000,0x000000c47e100000] [id=2420]

Threads with active compile tasks:
C2 CompilerThread0  20496 5715       4       java.lang.String::equalsIgnoreCase (45 bytes)
C2 CompilerThread1  20496 5712       4       org.objectweb.asm.Frame::execute (2318 bytes)

VM state:not at safepoint (normal execution)

VM Mutex/Monitor currently owned by a thread: None

Heap address: 0x0000000080000000, size: 2048 MB, Compressed Oops mode: 32-bit
Narrow klass base: 0x0000000000000000, Narrow klass shift: 3
Compressed class space size: 1073741824 Address: 0x0000000100000000

Heap:
 garbage-first heap   total 262144K, used 145719K [0x0000000080000000, 0x0000000100000000)
  region size 1024K, 120 young (122880K), 15 survivors (15360K)
 Metaspace       used 54373K, capacity 55799K, committed 56060K, reserved 1097728K
  class space    used 6874K, capacity 7400K, committed 7500K, reserved 1048576K
Heap Regions: E=young(eden), S=young(survivor), O=old, HS=humongous(starts), HC=humongous(continues), CS=collection set, F=free, A=archive, TAMS=top-at-mark-start (previous, next)
|   0|0x0000000080000000, 0x0000000080100000, 0x0000000080100000|100%|HS|  |TAMS 0x0000000080100000, 0x0000000080000000| Complete 
|   1|0x0000000080100000, 0x0000000080200000, 0x0000000080200000|100%|HC|  |TAMS 0x0000000080200000, 0x0000000080100000| Complete 
|   2|0x0000000080200000, 0x0000000080300000, 0x0000000080300000|100%|HC|  |TAMS 0x0000000080300000, 0x0000000080200000| Complete 
|   3|0x0000000080300000, 0x0000000080400000, 0x0000000080400000|100%| O|  |TAMS 0x0000000080400000, 0x0000000080300000| Untracked 
|   4|0x0000000080400000, 0x0000000080500000, 0x0000000080500000|100%| O|  |TAMS 0x0000000080500000, 0x0000000080400000| Untracked 
|   5|0x0000000080500000, 0x0000000080600000, 0x0000000080600000|100%| O|  |TAMS 0x0000000080600000, 0x0000000080500000| Untracked 
|   6|0x0000000080600000, 0x0000000080700000, 0x0000000080700000|100%| O|  |TAMS 0x0000000080700000, 0x0000000080600000| Untracked 
|   7|0x0000000080700000, 0x0000000080800000, 0x0000000080800000|100%| O|  |TAMS 0x0000000080800000, 0x0000000080700000| Untracked 
|   8|0x0000000080800000, 0x0000000080900000, 0x0000000080900000|100%| O|  |TAMS 0x00000000808d8200, 0x0000000080800000| Untracked 
|   9|0x0000000080900000, 0x0000000080a00000, 0x0000000080a00000|100%| O|  |TAMS 0x0000000080a00000, 0x0000000080900000| Untracked 
|  10|0x0000000080a00000, 0x0000000080b00000, 0x0000000080b00000|100%| O|  |TAMS 0x0000000080b00000, 0x0000000080a00000| Untracked 
|  11|0x0000000080b00000, 0x0000000080c00000, 0x0000000080c00000|100%| O|  |TAMS 0x0000000080c00000, 0x0000000080b00000| Untracked 
|  12|0x0000000080c00000, 0x0000000080d00000, 0x0000000080d00000|100%|HS|  |TAMS 0x0000000080c00000, 0x0000000080c00000| Complete 
|  13|0x0000000080d00000, 0x0000000080e00000, 0x0000000080e00000|100%|HS|  |TAMS 0x0000000080d00000, 0x0000000080d00000| Complete 
|  14|0x0000000080e00000, 0x0000000080f00000, 0x0000000080f00000|100%|HS|  |TAMS 0x0000000080e00000, 0x0000000080e00000| Complete 
|  15|0x0000000080f00000, 0x0000000081000000, 0x0000000081000000|100%|HS|  |TAMS 0x0000000080f00000, 0x0000000080f00000| Complete 
|  16|0x0000000081000000, 0x0000000081100000, 0x0000000081100000|100%| O|  |TAMS 0x0000000081000000, 0x0000000081000000| Untracked 
|  17|0x0000000081100000, 0x0000000081200000, 0x0000000081200000|100%| O|  |TAMS 0x0000000081100000, 0x0000000081100000| Untracked 
|  18|0x0000000081200000, 0x0000000081300000, 0x0000000081300000|100%| O|  |TAMS 0x0000000081200000, 0x0000000081200000| Untracked 
|  19|0x0000000081300000, 0x00000000813d8200, 0x0000000081400000| 84%| O|  |TAMS 0x0000000081300000, 0x0000000081300000| Untracked 
|  20|0x0000000081400000, 0x0000000081500000, 0x0000000081500000|100%|HS|  |TAMS 0x0000000081400000, 0x0000000081400000| Complete 
|  21|0x0000000081500000, 0x0000000081600000, 0x0000000081600000|100%|HC|  |TAMS 0x0000000081500000, 0x0000000081500000| Complete 
|  22|0x0000000081600000, 0x0000000081700000, 0x0000000081700000|100%|HC|  |TAMS 0x0000000081600000, 0x0000000081600000| Complete 
|  23|0x0000000081700000, 0x0000000081800000, 0x0000000081800000|100%|HS|  |TAMS 0x0000000081700000, 0x0000000081700000| Complete 
|  24|0x0000000081800000, 0x0000000081900000, 0x0000000081900000|100%|HC|  |TAMS 0x0000000081800000, 0x0000000081800000| Complete 
|  25|0x0000000081900000, 0x0000000081900000, 0x0000000081a00000|  0%| F|  |TAMS 0x0000000081900000, 0x0000000081900000| Untracked 
|  26|0x0000000081a00000, 0x0000000081a00000, 0x0000000081b00000|  0%| F|  |TAMS 0x0000000081a00000, 0x0000000081a00000| Untracked 
|  27|0x0000000081b00000, 0x0000000081b00000, 0x0000000081c00000|  0%| F|  |TAMS 0x0000000081b00000, 0x0000000081b00000| Untracked 
|  28|0x0000000081c00000, 0x0000000081c00000, 0x0000000081d00000|  0%| F|  |TAMS 0x0000000081c00000, 0x0000000081c00000| Untracked 
|  29|0x0000000081d00000, 0x0000000081d00000, 0x0000000081e00000|  0%| F|  |TAMS 0x0000000081d00000, 0x0000000081d00000| Untracked 
|  30|0x0000000081e00000, 0x0000000081e00000, 0x0000000081f00000|  0%| F|  |TAMS 0x0000000081e00000, 0x0000000081e00000| Untracked 
|  31|0x0000000081f00000, 0x0000000081f00000, 0x0000000082000000|  0%| F|  |TAMS 0x0000000081f00000, 0x0000000081f00000| Untracked 
|  32|0x0000000082000000, 0x0000000082000000, 0x0000000082100000|  0%| F|  |TAMS 0x0000000082000000, 0x0000000082000000| Untracked 
|  33|0x0000000082100000, 0x0000000082100000, 0x0000000082200000|  0%| F|  |TAMS 0x0000000082100000, 0x0000000082100000| Untracked 
|  34|0x0000000082200000, 0x0000000082200000, 0x0000000082300000|  0%| F|  |TAMS 0x0000000082200000, 0x0000000082200000| Untracked 
|  35|0x0000000082300000, 0x0000000082300000, 0x0000000082400000|  0%| F|  |TAMS 0x0000000082300000, 0x0000000082300000| Untracked 
|  36|0x0000000082400000, 0x0000000082400000, 0x0000000082500000|  0%| F|  |TAMS 0x0000000082400000, 0x0000000082400000| Untracked 
|  37|0x0000000082500000, 0x0000000082500000, 0x0000000082600000|  0%| F|  |TAMS 0x0000000082500000, 0x0000000082500000| Untracked 
|  38|0x0000000082600000, 0x0000000082600000, 0x0000000082700000|  0%| F|  |TAMS 0x0000000082600000, 0x0000000082600000| Untracked 
|  39|0x0000000082700000, 0x0000000082700000, 0x0000000082800000|  0%| F|  |TAMS 0x0000000082700000, 0x0000000082700000| Untracked 
|  40|0x0000000082800000, 0x0000000082800000, 0x0000000082900000|  0%| F|  |TAMS 0x0000000082800000, 0x0000000082800000| Untracked 
|  41|0x0000000082900000, 0x0000000082900000, 0x0000000082a00000|  0%| F|  |TAMS 0x0000000082900000, 0x0000000082900000| Untracked 
|  42|0x0000000082a00000, 0x0000000082a00000, 0x0000000082b00000|  0%| F|  |TAMS 0x0000000082a00000, 0x0000000082a00000| Untracked 
|  43|0x0000000082b00000, 0x0000000082b00000, 0x0000000082c00000|  0%| F|  |TAMS 0x0000000082b00000, 0x0000000082b00000| Untracked 
|  44|0x0000000082c00000, 0x0000000082c00000, 0x0000000082d00000|  0%| F|  |TAMS 0x0000000082c00000, 0x0000000082c00000| Untracked 
|  45|0x0000000082d00000, 0x0000000082d00000, 0x0000000082e00000|  0%| F|  |TAMS 0x0000000082d00000, 0x0000000082d00000| Untracked 
|  46|0x0000000082e00000, 0x0000000082e00000, 0x0000000082f00000|  0%| F|  |TAMS 0x0000000082e00000, 0x0000000082e00000| Untracked 
|  47|0x0000000082f00000, 0x0000000082f00000, 0x0000000083000000|  0%| F|  |TAMS 0x0000000082f00000, 0x0000000082f00000| Untracked 
|  48|0x0000000083000000, 0x0000000083000000, 0x0000000083100000|  0%| F|  |TAMS 0x0000000083000000, 0x0000000083000000| Untracked 
|  49|0x0000000083100000, 0x0000000083100000, 0x0000000083200000|  0%| F|  |TAMS 0x0000000083100000, 0x0000000083100000| Untracked 
|  50|0x0000000083200000, 0x0000000083200000, 0x0000000083300000|  0%| F|  |TAMS 0x0000000083200000, 0x0000000083200000| Untracked 
|  51|0x0000000083300000, 0x0000000083300000, 0x0000000083400000|  0%| F|  |TAMS 0x0000000083300000, 0x0000000083300000| Untracked 
|  52|0x0000000083400000, 0x0000000083400000, 0x0000000083500000|  0%| F|  |TAMS 0x0000000083400000, 0x0000000083400000| Untracked 
|  53|0x0000000083500000, 0x0000000083500000, 0x0000000083600000|  0%| F|  |TAMS 0x0000000083500000, 0x0000000083500000| Untracked 
|  54|0x0000000083600000, 0x0000000083600000, 0x0000000083700000|  0%| F|  |TAMS 0x0000000083600000, 0x0000000083600000| Untracked 
|  55|0x0000000083700000, 0x0000000083700000, 0x0000000083800000|  0%| F|  |TAMS 0x0000000083700000, 0x0000000083700000| Untracked 
|  56|0x0000000083800000, 0x0000000083800000, 0x0000000083900000|  0%| F|  |TAMS 0x0000000083800000, 0x0000000083800000| Untracked 
|  57|0x0000000083900000, 0x0000000083900000, 0x0000000083a00000|  0%| F|  |TAMS 0x0000000083900000, 0x0000000083900000| Untracked 
|  58|0x0000000083a00000, 0x0000000083a00000, 0x0000000083b00000|  0%| F|  |TAMS 0x0000000083a00000, 0x0000000083a00000| Untracked 
|  59|0x0000000083b00000, 0x0000000083b00000, 0x0000000083c00000|  0%| F|  |TAMS 0x0000000083b00000, 0x0000000083b00000| Untracked 
|  60|0x0000000083c00000, 0x0000000083c00000, 0x0000000083d00000|  0%| F|  |TAMS 0x0000000083c00000, 0x0000000083c00000| Untracked 
|  61|0x0000000083d00000, 0x0000000083d00000, 0x0000000083e00000|  0%| F|  |TAMS 0x0000000083d00000, 0x0000000083d00000| Untracked 
|  62|0x0000000083e00000, 0x0000000083e00000, 0x0000000083f00000|  0%| F|  |TAMS 0x0000000083e00000, 0x0000000083e00000| Untracked 
|  63|0x0000000083f00000, 0x0000000083f00000, 0x0000000084000000|  0%| F|  |TAMS 0x0000000083f00000, 0x0000000083f00000| Untracked 
|  64|0x0000000084000000, 0x0000000084000000, 0x0000000084100000|  0%| F|  |TAMS 0x0000000084000000, 0x0000000084000000| Untracked 
|  65|0x0000000084100000, 0x0000000084100000, 0x0000000084200000|  0%| F|  |TAMS 0x0000000084100000, 0x0000000084100000| Untracked 
|  66|0x0000000084200000, 0x0000000084200000, 0x0000000084300000|  0%| F|  |TAMS 0x0000000084200000, 0x0000000084200000| Untracked 
|  67|0x0000000084300000, 0x0000000084300000, 0x0000000084400000|  0%| F|  |TAMS 0x0000000084300000, 0x0000000084300000| Untracked 
|  68|0x0000000084400000, 0x0000000084400000, 0x0000000084500000|  0%| F|  |TAMS 0x0000000084400000, 0x0000000084400000| Untracked 
|  69|0x0000000084500000, 0x0000000084500000, 0x0000000084600000|  0%| F|  |TAMS 0x0000000084500000, 0x0000000084500000| Untracked 
|  70|0x0000000084600000, 0x0000000084600000, 0x0000000084700000|  0%| F|  |TAMS 0x0000000084600000, 0x0000000084600000| Untracked 
|  71|0x0000000084700000, 0x0000000084700000, 0x0000000084800000|  0%| F|  |TAMS 0x0000000084700000, 0x0000000084700000| Untracked 
|  72|0x0000000084800000, 0x0000000084800000, 0x0000000084900000|  0%| F|  |TAMS 0x0000000084800000, 0x0000000084800000| Untracked 
|  73|0x0000000084900000, 0x0000000084900000, 0x0000000084a00000|  0%| F|  |TAMS 0x0000000084900000, 0x0000000084900000| Untracked 
|  74|0x0000000084a00000, 0x0000000084a00000, 0x0000000084b00000|  0%| F|  |TAMS 0x0000000084a00000, 0x0000000084a00000| Untracked 
|  75|0x0000000084b00000, 0x0000000084b00000, 0x0000000084c00000|  0%| F|  |TAMS 0x0000000084b00000, 0x0000000084b00000| Untracked 
|  76|0x0000000084c00000, 0x0000000084c00000, 0x0000000084d00000|  0%| F|  |TAMS 0x0000000084c00000, 0x0000000084c00000| Untracked 
|  77|0x0000000084d00000, 0x0000000084d00000, 0x0000000084e00000|  0%| F|  |TAMS 0x0000000084d00000, 0x0000000084d00000| Untracked 
|  78|0x0000000084e00000, 0x0000000084e00000, 0x0000000084f00000|  0%| F|  |TAMS 0x0000000084e00000, 0x0000000084e00000| Untracked 
|  79|0x0000000084f00000, 0x0000000084f00000, 0x0000000085000000|  0%| F|  |TAMS 0x0000000084f00000, 0x0000000084f00000| Untracked 
|  80|0x0000000085000000, 0x0000000085000000, 0x0000000085100000|  0%| F|  |TAMS 0x0000000085000000, 0x0000000085000000| Untracked 
|  81|0x0000000085100000, 0x0000000085100000, 0x0000000085200000|  0%| F|  |TAMS 0x0000000085100000, 0x0000000085100000| Untracked 
|  82|0x0000000085200000, 0x0000000085200000, 0x0000000085300000|  0%| F|  |TAMS 0x0000000085200000, 0x0000000085200000| Untracked 
|  83|0x0000000085300000, 0x0000000085300000, 0x0000000085400000|  0%| F|  |TAMS 0x0000000085300000, 0x0000000085300000| Untracked 
|  84|0x0000000085400000, 0x0000000085400000, 0x0000000085500000|  0%| F|  |TAMS 0x0000000085400000, 0x0000000085400000| Untracked 
|  85|0x0000000085500000, 0x0000000085500000, 0x0000000085600000|  0%| F|  |TAMS 0x0000000085500000, 0x0000000085500000| Untracked 
|  86|0x0000000085600000, 0x0000000085600000, 0x0000000085700000|  0%| F|  |TAMS 0x0000000085600000, 0x0000000085600000| Untracked 
|  87|0x0000000085700000, 0x0000000085700000, 0x0000000085800000|  0%| F|  |TAMS 0x0000000085700000, 0x0000000085700000| Untracked 
|  88|0x0000000085800000, 0x0000000085875d58, 0x0000000085900000| 46%| S|CS|TAMS 0x0000000085800000, 0x0000000085800000| Complete 
|  89|0x0000000085900000, 0x0000000085a00000, 0x0000000085a00000|100%| S|CS|TAMS 0x0000000085900000, 0x0000000085900000| Complete 
|  90|0x0000000085a00000, 0x0000000085b00000, 0x0000000085b00000|100%| S|CS|TAMS 0x0000000085a00000, 0x0000000085a00000| Complete 
|  91|0x0000000085b00000, 0x0000000085c00000, 0x0000000085c00000|100%| S|CS|TAMS 0x0000000085b00000, 0x0000000085b00000| Complete 
|  92|0x0000000085c00000, 0x0000000085d00000, 0x0000000085d00000|100%| S|CS|TAMS 0x0000000085c00000, 0x0000000085c00000| Complete 
|  93|0x0000000085d00000, 0x0000000085e00000, 0x0000000085e00000|100%| S|CS|TAMS 0x0000000085d00000, 0x0000000085d00000| Complete 
|  94|0x0000000085e00000, 0x0000000085f00000, 0x0000000085f00000|100%| S|CS|TAMS 0x0000000085e00000, 0x0000000085e00000| Complete 
|  95|0x0000000085f00000, 0x0000000086000000, 0x0000000086000000|100%| S|CS|TAMS 0x0000000085f00000, 0x0000000085f00000| Complete 
|  96|0x0000000086000000, 0x0000000086100000, 0x0000000086100000|100%| S|CS|TAMS 0x0000000086000000, 0x0000000086000000| Complete 
|  97|0x0000000086100000, 0x0000000086200000, 0x0000000086200000|100%| S|CS|TAMS 0x0000000086100000, 0x0000000086100000| Complete 
|  98|0x0000000086200000, 0x0000000086300000, 0x0000000086300000|100%| S|CS|TAMS 0x0000000086200000, 0x0000000086200000| Complete 
|  99|0x0000000086300000, 0x0000000086400000, 0x0000000086400000|100%| S|CS|TAMS 0x0000000086300000, 0x0000000086300000| Complete 
| 100|0x0000000086400000, 0x0000000086500000, 0x0000000086500000|100%| S|CS|TAMS 0x0000000086400000, 0x0000000086400000| Complete 
| 101|0x0000000086500000, 0x0000000086600000, 0x0000000086600000|100%| S|CS|TAMS 0x0000000086500000, 0x0000000086500000| Complete 
| 102|0x0000000086600000, 0x0000000086700000, 0x0000000086700000|100%| S|CS|TAMS 0x0000000086600000, 0x0000000086600000| Complete 
| 103|0x0000000086700000, 0x0000000086700000, 0x0000000086800000|  0%| F|  |TAMS 0x0000000086700000, 0x0000000086700000| Untracked 
| 104|0x0000000086800000, 0x0000000086800000, 0x0000000086900000|  0%| F|  |TAMS 0x0000000086800000, 0x0000000086800000| Untracked 
| 105|0x0000000086900000, 0x0000000086900000, 0x0000000086a00000|  0%| F|  |TAMS 0x0000000086900000, 0x0000000086900000| Untracked 
| 106|0x0000000086a00000, 0x0000000086a00000, 0x0000000086b00000|  0%| F|  |TAMS 0x0000000086a00000, 0x0000000086a00000| Untracked 
| 107|0x0000000086b00000, 0x0000000086b00000, 0x0000000086c00000|  0%| F|  |TAMS 0x0000000086b00000, 0x0000000086b00000| Untracked 
| 108|0x0000000086c00000, 0x0000000086c00000, 0x0000000086d00000|  0%| F|  |TAMS 0x0000000086c00000, 0x0000000086c00000| Untracked 
| 109|0x0000000086d00000, 0x0000000086d00000, 0x0000000086e00000|  0%| F|  |TAMS 0x0000000086d00000, 0x0000000086d00000| Untracked 
| 110|0x0000000086e00000, 0x0000000086e00000, 0x0000000086f00000|  0%| F|  |TAMS 0x0000000086e00000, 0x0000000086e00000| Untracked 
| 111|0x0000000086f00000, 0x0000000086f00000, 0x0000000087000000|  0%| F|  |TAMS 0x0000000086f00000, 0x0000000086f00000| Untracked 
| 112|0x0000000087000000, 0x0000000087000000, 0x0000000087100000|  0%| F|  |TAMS 0x0000000087000000, 0x0000000087000000| Untracked 
| 113|0x0000000087100000, 0x0000000087100000, 0x0000000087200000|  0%| F|  |TAMS 0x0000000087100000, 0x0000000087100000| Untracked 
| 114|0x0000000087200000, 0x0000000087200000, 0x0000000087300000|  0%| F|  |TAMS 0x0000000087200000, 0x0000000087200000| Untracked 
| 115|0x0000000087300000, 0x0000000087300000, 0x0000000087400000|  0%| F|  |TAMS 0x0000000087300000, 0x0000000087300000| Untracked 
| 116|0x0000000087400000, 0x0000000087400000, 0x0000000087500000|  0%| F|  |TAMS 0x0000000087400000, 0x0000000087400000| Untracked 
| 117|0x0000000087500000, 0x0000000087500000, 0x0000000087600000|  0%| F|  |TAMS 0x0000000087500000, 0x0000000087500000| Untracked 
| 118|0x0000000087600000, 0x0000000087600000, 0x0000000087700000|  0%| F|  |TAMS 0x0000000087600000, 0x0000000087600000| Untracked 
| 119|0x0000000087700000, 0x0000000087700000, 0x0000000087800000|  0%| F|  |TAMS 0x0000000087700000, 0x0000000087700000| Untracked 
| 120|0x0000000087800000, 0x0000000087800000, 0x0000000087900000|  0%| F|  |TAMS 0x0000000087800000, 0x0000000087800000| Untracked 
| 121|0x0000000087900000, 0x0000000087900000, 0x0000000087a00000|  0%| F|  |TAMS 0x0000000087900000, 0x0000000087900000| Untracked 
| 122|0x0000000087a00000, 0x0000000087a00000, 0x0000000087b00000|  0%| F|  |TAMS 0x0000000087a00000, 0x0000000087a00000| Untracked 
| 123|0x0000000087b00000, 0x0000000087b00000, 0x0000000087c00000|  0%| F|  |TAMS 0x0000000087b00000, 0x0000000087b00000| Untracked 
| 124|0x0000000087c00000, 0x0000000087c00000, 0x0000000087d00000|  0%| F|  |TAMS 0x0000000087c00000, 0x0000000087c00000| Untracked 
| 125|0x0000000087d00000, 0x0000000087d00000, 0x0000000087e00000|  0%| F|  |TAMS 0x0000000087d00000, 0x0000000087d00000| Untracked 
| 126|0x0000000087e00000, 0x0000000087e00000, 0x0000000087f00000|  0%| F|  |TAMS 0x0000000087e00000, 0x0000000087e00000| Untracked 
| 127|0x0000000087f00000, 0x0000000087f00000, 0x0000000088000000|  0%| F|  |TAMS 0x0000000087f00000, 0x0000000087f00000| Untracked 
| 128|0x0000000088000000, 0x0000000088000000, 0x0000000088100000|  0%| F|  |TAMS 0x0000000088000000, 0x0000000088000000| Untracked 
| 129|0x0000000088100000, 0x0000000088100000, 0x0000000088200000|  0%| F|  |TAMS 0x0000000088100000, 0x0000000088100000| Untracked 
| 130|0x0000000088200000, 0x0000000088200000, 0x0000000088300000|  0%| F|  |TAMS 0x0000000088200000, 0x0000000088200000| Untracked 
| 131|0x0000000088300000, 0x0000000088300000, 0x0000000088400000|  0%| F|  |TAMS 0x0000000088300000, 0x0000000088300000| Untracked 
| 132|0x0000000088400000, 0x0000000088400000, 0x0000000088500000|  0%| F|  |TAMS 0x0000000088400000, 0x0000000088400000| Untracked 
| 133|0x0000000088500000, 0x0000000088500000, 0x0000000088600000|  0%| F|  |TAMS 0x0000000088500000, 0x0000000088500000| Untracked 
| 134|0x0000000088600000, 0x0000000088600000, 0x0000000088700000|  0%| F|  |TAMS 0x0000000088600000, 0x0000000088600000| Untracked 
| 135|0x0000000088700000, 0x0000000088700000, 0x0000000088800000|  0%| F|  |TAMS 0x0000000088700000, 0x0000000088700000| Untracked 
| 136|0x0000000088800000, 0x0000000088800000, 0x0000000088900000|  0%| F|  |TAMS 0x0000000088800000, 0x0000000088800000| Untracked 
| 137|0x0000000088900000, 0x0000000088900000, 0x0000000088a00000|  0%| F|  |TAMS 0x0000000088900000, 0x0000000088900000| Untracked 
| 138|0x0000000088a00000, 0x0000000088a00000, 0x0000000088b00000|  0%| F|  |TAMS 0x0000000088a00000, 0x0000000088a00000| Untracked 
| 139|0x0000000088b00000, 0x0000000088b00000, 0x0000000088c00000|  0%| F|  |TAMS 0x0000000088b00000, 0x0000000088b00000| Untracked 
| 140|0x0000000088c00000, 0x0000000088c00000, 0x0000000088d00000|  0%| F|  |TAMS 0x0000000088c00000, 0x0000000088c00000| Untracked 
| 141|0x0000000088d00000, 0x0000000088d00000, 0x0000000088e00000|  0%| F|  |TAMS 0x0000000088d00000, 0x0000000088d00000| Untracked 
| 142|0x0000000088e00000, 0x0000000088e00000, 0x0000000088f00000|  0%| F|  |TAMS 0x0000000088e00000, 0x0000000088e00000| Untracked 
| 143|0x0000000088f00000, 0x0000000088f00000, 0x0000000089000000|  0%| F|  |TAMS 0x0000000088f00000, 0x0000000088f00000| Untracked 
| 144|0x0000000089000000, 0x0000000089000000, 0x0000000089100000|  0%| F|  |TAMS 0x0000000089000000, 0x0000000089000000| Untracked 
| 145|0x0000000089100000, 0x0000000089100000, 0x0000000089200000|  0%| F|  |TAMS 0x0000000089100000, 0x0000000089100000| Untracked 
| 146|0x0000000089200000, 0x0000000089200000, 0x0000000089300000|  0%| F|  |TAMS 0x0000000089200000, 0x0000000089200000| Untracked 
| 147|0x0000000089300000, 0x0000000089300000, 0x0000000089400000|  0%| F|  |TAMS 0x0000000089300000, 0x0000000089300000| Untracked 
| 148|0x0000000089400000, 0x0000000089400000, 0x0000000089500000|  0%| F|  |TAMS 0x0000000089400000, 0x0000000089400000| Untracked 
| 149|0x0000000089500000, 0x0000000089500000, 0x0000000089600000|  0%| F|  |TAMS 0x0000000089500000, 0x0000000089500000| Untracked 
| 150|0x0000000089600000, 0x0000000089600000, 0x0000000089700000|  0%| F|  |TAMS 0x0000000089600000, 0x0000000089600000| Untracked 
| 151|0x0000000089700000, 0x0000000089780800, 0x0000000089800000| 50%| E|  |TAMS 0x0000000089700000, 0x0000000089700000| Complete 
| 152|0x0000000089800000, 0x0000000089900000, 0x0000000089900000|100%| E|CS|TAMS 0x0000000089800000, 0x0000000089800000| Complete 
| 153|0x0000000089900000, 0x0000000089a00000, 0x0000000089a00000|100%| E|CS|TAMS 0x0000000089900000, 0x0000000089900000| Complete 
| 154|0x0000000089a00000, 0x0000000089b00000, 0x0000000089b00000|100%| E|CS|TAMS 0x0000000089a00000, 0x0000000089a00000| Complete 
| 155|0x0000000089b00000, 0x0000000089c00000, 0x0000000089c00000|100%| E|CS|TAMS 0x0000000089b00000, 0x0000000089b00000| Complete 
| 156|0x0000000089c00000, 0x0000000089d00000, 0x0000000089d00000|100%| E|CS|TAMS 0x0000000089c00000, 0x0000000089c00000| Complete 
| 157|0x0000000089d00000, 0x0000000089e00000, 0x0000000089e00000|100%| E|CS|TAMS 0x0000000089d00000, 0x0000000089d00000| Complete 
| 158|0x0000000089e00000, 0x0000000089f00000, 0x0000000089f00000|100%| E|CS|TAMS 0x0000000089e00000, 0x0000000089e00000| Complete 
| 159|0x0000000089f00000, 0x000000008a000000, 0x000000008a000000|100%| E|CS|TAMS 0x0000000089f00000, 0x0000000089f00000| Complete 
| 160|0x000000008a000000, 0x000000008a100000, 0x000000008a100000|100%| E|CS|TAMS 0x000000008a000000, 0x000000008a000000| Complete 
| 161|0x000000008a100000, 0x000000008a200000, 0x000000008a200000|100%| E|CS|TAMS 0x000000008a100000, 0x000000008a100000| Complete 
| 162|0x000000008a200000, 0x000000008a300000, 0x000000008a300000|100%| E|CS|TAMS 0x000000008a200000, 0x000000008a200000| Complete 
| 163|0x000000008a300000, 0x000000008a400000, 0x000000008a400000|100%| E|CS|TAMS 0x000000008a300000, 0x000000008a300000| Complete 
| 164|0x000000008a400000, 0x000000008a500000, 0x000000008a500000|100%| E|CS|TAMS 0x000000008a400000, 0x000000008a400000| Complete 
| 165|0x000000008a500000, 0x000000008a600000, 0x000000008a600000|100%| E|CS|TAMS 0x000000008a500000, 0x000000008a500000| Complete 
| 166|0x000000008a600000, 0x000000008a700000, 0x000000008a700000|100%| E|CS|TAMS 0x000000008a600000, 0x000000008a600000| Complete 
| 167|0x000000008a700000, 0x000000008a800000, 0x000000008a800000|100%| E|CS|TAMS 0x000000008a700000, 0x000000008a700000| Complete 
| 168|0x000000008a800000, 0x000000008a900000, 0x000000008a900000|100%| E|CS|TAMS 0x000000008a800000, 0x000000008a800000| Complete 
| 169|0x000000008a900000, 0x000000008aa00000, 0x000000008aa00000|100%| E|CS|TAMS 0x000000008a900000, 0x000000008a900000| Complete 
| 170|0x000000008aa00000, 0x000000008ab00000, 0x000000008ab00000|100%| E|CS|TAMS 0x000000008aa00000, 0x000000008aa00000| Complete 
| 171|0x000000008ab00000, 0x000000008ac00000, 0x000000008ac00000|100%| E|CS|TAMS 0x000000008ab00000, 0x000000008ab00000| Complete 
| 172|0x000000008ac00000, 0x000000008ad00000, 0x000000008ad00000|100%| E|CS|TAMS 0x000000008ac00000, 0x000000008ac00000| Complete 
| 173|0x000000008ad00000, 0x000000008ae00000, 0x000000008ae00000|100%| E|CS|TAMS 0x000000008ad00000, 0x000000008ad00000| Complete 
| 174|0x000000008ae00000, 0x000000008af00000, 0x000000008af00000|100%| E|CS|TAMS 0x000000008ae00000, 0x000000008ae00000| Complete 
| 175|0x000000008af00000, 0x000000008b000000, 0x000000008b000000|100%| E|CS|TAMS 0x000000008af00000, 0x000000008af00000| Complete 
| 176|0x000000008b000000, 0x000000008b100000, 0x000000008b100000|100%| E|CS|TAMS 0x000000008b000000, 0x000000008b000000| Complete 
| 177|0x000000008b100000, 0x000000008b200000, 0x000000008b200000|100%| E|CS|TAMS 0x000000008b100000, 0x000000008b100000| Complete 
| 178|0x000000008b200000, 0x000000008b300000, 0x000000008b300000|100%| E|CS|TAMS 0x000000008b200000, 0x000000008b200000| Complete 
| 179|0x000000008b300000, 0x000000008b400000, 0x000000008b400000|100%| E|CS|TAMS 0x000000008b300000, 0x000000008b300000| Complete 
| 180|0x000000008b400000, 0x000000008b500000, 0x000000008b500000|100%| E|CS|TAMS 0x000000008b400000, 0x000000008b400000| Complete 
| 181|0x000000008b500000, 0x000000008b600000, 0x000000008b600000|100%| E|CS|TAMS 0x000000008b500000, 0x000000008b500000| Complete 
| 182|0x000000008b600000, 0x000000008b700000, 0x000000008b700000|100%| E|CS|TAMS 0x000000008b600000, 0x000000008b600000| Complete 
| 183|0x000000008b700000, 0x000000008b800000, 0x000000008b800000|100%| E|CS|TAMS 0x000000008b700000, 0x000000008b700000| Complete 
| 184|0x000000008b800000, 0x000000008b900000, 0x000000008b900000|100%| E|CS|TAMS 0x000000008b800000, 0x000000008b800000| Complete 
| 185|0x000000008b900000, 0x000000008ba00000, 0x000000008ba00000|100%| E|CS|TAMS 0x000000008b900000, 0x000000008b900000| Complete 
| 186|0x000000008ba00000, 0x000000008bb00000, 0x000000008bb00000|100%| E|CS|TAMS 0x000000008ba00000, 0x000000008ba00000| Complete 
| 187|0x000000008bb00000, 0x000000008bc00000, 0x000000008bc00000|100%| E|CS|TAMS 0x000000008bb00000, 0x000000008bb00000| Complete 
| 188|0x000000008bc00000, 0x000000008bd00000, 0x000000008bd00000|100%| E|CS|TAMS 0x000000008bc00000, 0x000000008bc00000| Complete 
| 189|0x000000008bd00000, 0x000000008be00000, 0x000000008be00000|100%| E|CS|TAMS 0x000000008bd00000, 0x000000008bd00000| Complete 
| 190|0x000000008be00000, 0x000000008bf00000, 0x000000008bf00000|100%| E|CS|TAMS 0x000000008be00000, 0x000000008be00000| Complete 
| 191|0x000000008bf00000, 0x000000008c000000, 0x000000008c000000|100%| E|CS|TAMS 0x000000008bf00000, 0x000000008bf00000| Complete 
| 192|0x000000008c000000, 0x000000008c100000, 0x000000008c100000|100%| E|CS|TAMS 0x000000008c000000, 0x000000008c000000| Complete 
| 193|0x000000008c100000, 0x000000008c200000, 0x000000008c200000|100%| E|CS|TAMS 0x000000008c100000, 0x000000008c100000| Complete 
| 194|0x000000008c200000, 0x000000008c300000, 0x000000008c300000|100%| E|CS|TAMS 0x000000008c200000, 0x000000008c200000| Complete 
| 195|0x000000008c300000, 0x000000008c400000, 0x000000008c400000|100%| E|CS|TAMS 0x000000008c300000, 0x000000008c300000| Complete 
| 196|0x000000008c400000, 0x000000008c500000, 0x000000008c500000|100%| E|  |TAMS 0x000000008c400000, 0x000000008c400000| Complete 
| 197|0x000000008c500000, 0x000000008c600000, 0x000000008c600000|100%| E|CS|TAMS 0x000000008c500000, 0x000000008c500000| Complete 
| 198|0x000000008c600000, 0x000000008c700000, 0x000000008c700000|100%| E|CS|TAMS 0x000000008c600000, 0x000000008c600000| Complete 
| 199|0x000000008c700000, 0x000000008c800000, 0x000000008c800000|100%| E|CS|TAMS 0x000000008c700000, 0x000000008c700000| Complete 
| 200|0x000000008c800000, 0x000000008c900000, 0x000000008c900000|100%| E|CS|TAMS 0x000000008c800000, 0x000000008c800000| Complete 
| 201|0x000000008c900000, 0x000000008ca00000, 0x000000008ca00000|100%| E|CS|TAMS 0x000000008c900000, 0x000000008c900000| Complete 
| 202|0x000000008ca00000, 0x000000008cb00000, 0x000000008cb00000|100%| E|CS|TAMS 0x000000008ca00000, 0x000000008ca00000| Complete 
| 203|0x000000008cb00000, 0x000000008cc00000, 0x000000008cc00000|100%| E|CS|TAMS 0x000000008cb00000, 0x000000008cb00000| Complete 
| 204|0x000000008cc00000, 0x000000008cd00000, 0x000000008cd00000|100%| E|CS|TAMS 0x000000008cc00000, 0x000000008cc00000| Complete 
| 205|0x000000008cd00000, 0x000000008ce00000, 0x000000008ce00000|100%| E|CS|TAMS 0x000000008cd00000, 0x000000008cd00000| Complete 
| 206|0x000000008ce00000, 0x000000008cf00000, 0x000000008cf00000|100%| E|CS|TAMS 0x000000008ce00000, 0x000000008ce00000| Complete 
| 207|0x000000008cf00000, 0x000000008d000000, 0x000000008d000000|100%| E|CS|TAMS 0x000000008cf00000, 0x000000008cf00000| Complete 
| 208|0x000000008d000000, 0x000000008d100000, 0x000000008d100000|100%| E|CS|TAMS 0x000000008d000000, 0x000000008d000000| Complete 
| 209|0x000000008d100000, 0x000000008d200000, 0x000000008d200000|100%| E|CS|TAMS 0x000000008d100000, 0x000000008d100000| Complete 
| 210|0x000000008d200000, 0x000000008d300000, 0x000000008d300000|100%| E|CS|TAMS 0x000000008d200000, 0x000000008d200000| Complete 
| 211|0x000000008d300000, 0x000000008d400000, 0x000000008d400000|100%| E|CS|TAMS 0x000000008d300000, 0x000000008d300000| Complete 
| 212|0x000000008d400000, 0x000000008d500000, 0x000000008d500000|100%| E|CS|TAMS 0x000000008d400000, 0x000000008d400000| Complete 
| 213|0x000000008d500000, 0x000000008d600000, 0x000000008d600000|100%| E|CS|TAMS 0x000000008d500000, 0x000000008d500000| Complete 
| 214|0x000000008d600000, 0x000000008d700000, 0x000000008d700000|100%| E|CS|TAMS 0x000000008d600000, 0x000000008d600000| Complete 
| 215|0x000000008d700000, 0x000000008d800000, 0x000000008d800000|100%| E|CS|TAMS 0x000000008d700000, 0x000000008d700000| Complete 
| 216|0x000000008d800000, 0x000000008d900000, 0x000000008d900000|100%| E|CS|TAMS 0x000000008d800000, 0x000000008d800000| Complete 
| 217|0x000000008d900000, 0x000000008da00000, 0x000000008da00000|100%| E|CS|TAMS 0x000000008d900000, 0x000000008d900000| Complete 
| 218|0x000000008da00000, 0x000000008db00000, 0x000000008db00000|100%| E|CS|TAMS 0x000000008da00000, 0x000000008da00000| Complete 
| 219|0x000000008db00000, 0x000000008dc00000, 0x000000008dc00000|100%| E|CS|TAMS 0x000000008db00000, 0x000000008db00000| Complete 
| 220|0x000000008dc00000, 0x000000008dd00000, 0x000000008dd00000|100%| E|CS|TAMS 0x000000008dc00000, 0x000000008dc00000| Complete 
| 221|0x000000008dd00000, 0x000000008de00000, 0x000000008de00000|100%| E|CS|TAMS 0x000000008dd00000, 0x000000008dd00000| Complete 
| 222|0x000000008de00000, 0x000000008df00000, 0x000000008df00000|100%| E|CS|TAMS 0x000000008de00000, 0x000000008de00000| Complete 
| 223|0x000000008df00000, 0x000000008e000000, 0x000000008e000000|100%| E|CS|TAMS 0x000000008df00000, 0x000000008df00000| Complete 
| 224|0x000000008e000000, 0x000000008e100000, 0x000000008e100000|100%| E|CS|TAMS 0x000000008e000000, 0x000000008e000000| Complete 
| 225|0x000000008e100000, 0x000000008e200000, 0x000000008e200000|100%| E|CS|TAMS 0x000000008e100000, 0x000000008e100000| Complete 
| 226|0x000000008e200000, 0x000000008e300000, 0x000000008e300000|100%| E|CS|TAMS 0x000000008e200000, 0x000000008e200000| Complete 
| 227|0x000000008e300000, 0x000000008e400000, 0x000000008e400000|100%| E|CS|TAMS 0x000000008e300000, 0x000000008e300000| Complete 
| 228|0x000000008e400000, 0x000000008e500000, 0x000000008e500000|100%| E|CS|TAMS 0x000000008e400000, 0x000000008e400000| Complete 
| 229|0x000000008e500000, 0x000000008e600000, 0x000000008e600000|100%| E|CS|TAMS 0x000000008e500000, 0x000000008e500000| Complete 
| 230|0x000000008e600000, 0x000000008e700000, 0x000000008e700000|100%| E|CS|TAMS 0x000000008e600000, 0x000000008e600000| Complete 
| 231|0x000000008e700000, 0x000000008e800000, 0x000000008e800000|100%| E|CS|TAMS 0x000000008e700000, 0x000000008e700000| Complete 
| 232|0x000000008e800000, 0x000000008e900000, 0x000000008e900000|100%| E|CS|TAMS 0x000000008e800000, 0x000000008e800000| Complete 
| 233|0x000000008e900000, 0x000000008ea00000, 0x000000008ea00000|100%| E|CS|TAMS 0x000000008e900000, 0x000000008e900000| Complete 
| 234|0x000000008ea00000, 0x000000008eb00000, 0x000000008eb00000|100%| E|CS|TAMS 0x000000008ea00000, 0x000000008ea00000| Complete 
| 235|0x000000008eb00000, 0x000000008ec00000, 0x000000008ec00000|100%| E|CS|TAMS 0x000000008eb00000, 0x000000008eb00000| Complete 
| 236|0x000000008ec00000, 0x000000008ed00000, 0x000000008ed00000|100%| E|CS|TAMS 0x000000008ec00000, 0x000000008ec00000| Complete 
| 237|0x000000008ed00000, 0x000000008ee00000, 0x000000008ee00000|100%| E|CS|TAMS 0x000000008ed00000, 0x000000008ed00000| Complete 
| 238|0x000000008ee00000, 0x000000008ef00000, 0x000000008ef00000|100%| E|CS|TAMS 0x000000008ee00000, 0x000000008ee00000| Complete 
| 239|0x000000008ef00000, 0x000000008f000000, 0x000000008f000000|100%| E|CS|TAMS 0x000000008ef00000, 0x000000008ef00000| Complete 
| 240|0x000000008f000000, 0x000000008f100000, 0x000000008f100000|100%| E|CS|TAMS 0x000000008f000000, 0x000000008f000000| Complete 
| 241|0x000000008f100000, 0x000000008f200000, 0x000000008f200000|100%| E|CS|TAMS 0x000000008f100000, 0x000000008f100000| Complete 
| 242|0x000000008f200000, 0x000000008f300000, 0x000000008f300000|100%| E|CS|TAMS 0x000000008f200000, 0x000000008f200000| Complete 
| 243|0x000000008f300000, 0x000000008f400000, 0x000000008f400000|100%| E|CS|TAMS 0x000000008f300000, 0x000000008f300000| Complete 
| 244|0x000000008f400000, 0x000000008f500000, 0x000000008f500000|100%| E|CS|TAMS 0x000000008f400000, 0x000000008f400000| Complete 
| 245|0x000000008f500000, 0x000000008f600000, 0x000000008f600000|100%| E|CS|TAMS 0x000000008f500000, 0x000000008f500000| Complete 
| 246|0x000000008f600000, 0x000000008f700000, 0x000000008f700000|100%| E|CS|TAMS 0x000000008f600000, 0x000000008f600000| Complete 
| 247|0x000000008f700000, 0x000000008f800000, 0x000000008f800000|100%| E|CS|TAMS 0x000000008f700000, 0x000000008f700000| Complete 
| 248|0x000000008f800000, 0x000000008f900000, 0x000000008f900000|100%| E|CS|TAMS 0x000000008f800000, 0x000000008f800000| Complete 
| 249|0x000000008f900000, 0x000000008fa00000, 0x000000008fa00000|100%| E|CS|TAMS 0x000000008f900000, 0x000000008f900000| Complete 
| 250|0x000000008fa00000, 0x000000008fb00000, 0x000000008fb00000|100%| E|CS|TAMS 0x000000008fa00000, 0x000000008fa00000| Complete 
| 251|0x000000008fb00000, 0x000000008fc00000, 0x000000008fc00000|100%| E|CS|TAMS 0x000000008fb00000, 0x000000008fb00000| Complete 
| 252|0x000000008fc00000, 0x000000008fd00000, 0x000000008fd00000|100%| E|CS|TAMS 0x000000008fc00000, 0x000000008fc00000| Complete 
| 253|0x000000008fd00000, 0x000000008fe00000, 0x000000008fe00000|100%| E|CS|TAMS 0x000000008fd00000, 0x000000008fd00000| Complete 
| 254|0x000000008fe00000, 0x000000008ff00000, 0x000000008ff00000|100%| E|CS|TAMS 0x000000008fe00000, 0x000000008fe00000| Complete 
| 255|0x000000008ff00000, 0x0000000090000000, 0x0000000090000000|100%| E|CS|TAMS 0x000000008ff00000, 0x000000008ff00000| Complete 

Card table byte_map: [0x0000020df25a0000,0x0000020df29a0000] _byte_map_base: 0x0000020df21a0000

Marking Bits (Prev, Next): (CMBitMap*) 0x0000020dee6c03c8, (CMBitMap*) 0x0000020dee6c0400
 Prev Bits: [0x0000020df2da0000, 0x0000020df4da0000)
 Next Bits: [0x0000020df4da0000, 0x0000020df6da0000)

Polling page: 0x0000020dec670000

Metaspace:

Usage:
  Non-class:     47.26 MB capacity,    46.39 MB ( 98%) used,   755.73 KB (  2%) free+waste,   143.63 KB ( <1%) overhead. 
      Class:      7.23 MB capacity,     6.71 MB ( 93%) used,   458.16 KB (  6%) free+waste,    67.75 KB ( <1%) overhead. 
       Both:     54.49 MB capacity,    53.10 MB ( 97%) used,     1.19 MB (  2%) free+waste,   211.38 KB ( <1%) overhead. 

Virtual space:
  Non-class space:       48.00 MB reserved,      47.42 MB ( 99%) committed 
      Class space:        1.00 GB reserved,       7.32 MB ( <1%) committed 
             Both:        1.05 GB reserved,      54.75 MB (  5%) committed 

Chunk freelists:
   Non-Class:  33.00 KB
       Class:  24.00 KB
        Both:  57.00 KB

MaxMetaspaceSize: 17179869184.00 GB
CompressedClassSpaceSize: 1.00 GB
Initial GC threshold: 20.80 MB
Current GC threshold: 59.16 MB
CDS: off

CodeHeap 'non-profiled nmethods': size=120064Kb used=3305Kb max_used=3305Kb free=116759Kb
 bounds [0x0000020d87ac0000, 0x0000020d87e00000, 0x0000020d8f000000]
CodeHeap 'profiled nmethods': size=120000Kb used=11943Kb max_used=11943Kb free=108056Kb
 bounds [0x0000020d80590000, 0x0000020d81140000, 0x0000020d87ac0000]
CodeHeap 'non-nmethods': size=5696Kb used=2304Kb max_used=2346Kb free=3392Kb
 bounds [0x0000020d80000000, 0x0000020d80270000, 0x0000020d80590000]
 total_blobs=6517 nmethods=5705 adapters=723
 compilation: enabled
              stopped_count=0, restarted_count=0
 full_count=0

Compilation events (20 events):
Event: 20.328 Thread 0x0000020dfaf9d800 nmethod 5703 0x0000020d87debc90 code [0x0000020d87debe20, 0x0000020d87debeb8]
Event: 20.329 Thread 0x0000020dfaf9d800 5705       4       org.objectweb.asm.ByteVector::put122 (93 bytes)
Event: 20.332 Thread 0x0000020dfaf9d800 nmethod 5705 0x0000020d87debf90 code [0x0000020d87dec140, 0x0000020d87dec308]
Event: 20.332 Thread 0x0000020dfaf9d800 5707       4       org.objectweb.asm.ByteVector::putUTF8 (144 bytes)
Event: 20.337 Thread 0x0000020dfaf9d800 nmethod 5707 0x0000020d87dec490 code [0x0000020d87dec660, 0x0000020d87deca08]
Event: 20.337 Thread 0x0000020dfaf9d800 5706       4       org.objectweb.asm.Frame::getLocal (46 bytes)
Event: 20.338 Thread 0x0000020dfaf9d800 nmethod 5706 0x0000020d87decd10 code [0x0000020d87decea0, 0x0000020d87decf58]
Event: 20.338 Thread 0x0000020dfaf9d800 5708       4       jdk.internal.reflect.ByteVectorImpl::getLength (7 bytes)
Event: 20.339 Thread 0x0000020dfaf9d800 nmethod 5708 0x0000020d87ded010 code [0x0000020d87ded1a0, 0x0000020d87ded218]
Event: 20.349 Thread 0x0000020df9b1a800 5709       3       jdk.internal.reflect.ConstantPool::getIntAt (10 bytes)
Event: 20.349 Thread 0x0000020df9b1a800 nmethod 5709 0x0000020d81137710 code [0x0000020d811378c0, 0x0000020d811379e8]
Event: 20.350 Thread 0x0000020df9b1a800 5711       3       org.objectweb.asm.SymbolTable::addConstantIntegerOrFloat (100 bytes)
Event: 20.350 Thread 0x0000020df9b1a800 nmethod 5711 0x0000020d81137a90 code [0x0000020d81137cc0, 0x0000020d81138278]
Event: 20.352 Thread 0x0000020dfaf9d800 5712       4       org.objectweb.asm.Frame::execute (2318 bytes)
Event: 20.427 Thread 0x0000020df9b1a800 5713       3       java.lang.invoke.MethodHandle::bindTo (19 bytes)
Event: 20.428 Thread 0x0000020df9b1a800 nmethod 5713 0x0000020d81138590 code [0x0000020d811387c0, 0x0000020d81138df8]
Event: 20.428 Thread 0x0000020df9b1a800 5714       3       java.lang.invoke.MethodType::leadingReferenceParameter (30 bytes)
Event: 20.428 Thread 0x0000020df9b1a800 nmethod 5714 0x0000020d81139090 code [0x0000020d81139260, 0x0000020d81139548]
Event: 20.449 Thread 0x0000020df9b1a800 5717       3       java.nio.HeapByteBuffer::getInt (25 bytes)
Event: 20.450 Thread 0x0000020df9b1a800 nmethod 5717 0x0000020d81139690 code [0x0000020d81139880, 0x0000020d81139d48]

GC Heap History (16 events):
Event: 1.227 GC heap before
{Heap before GC invocations=0 (full 0):
 garbage-first heap   total 262144K, used 16384K [0x0000000080000000, 0x0000000100000000)
  region size 1024K, 14 young (14336K), 0 survivors (0K)
 Metaspace       used 6793K, capacity 7001K, committed 7168K, reserved 1056768K
  class space    used 576K, capacity 650K, committed 768K, reserved 1048576K
}
Event: 1.238 GC heap after
{Heap after GC invocations=1 (full 0):
 garbage-first heap   total 262144K, used 4116K [0x0000000080000000, 0x0000000100000000)
  region size 1024K, 2 young (2048K), 2 survivors (2048K)
 Metaspace       used 6793K, capacity 7001K, committed 7168K, reserved 1056768K
  class space    used 576K, capacity 650K, committed 768K, reserved 1048576K
}
Event: 1.670 GC heap before
{Heap before GC invocations=1 (full 0):
 garbage-first heap   total 262144K, used 19476K [0x0000000080000000, 0x0000000100000000)
  region size 1024K, 14 young (14336K), 2 survivors (2048K)
 Metaspace       used 9930K, capacity 10194K, committed 10368K, reserved 1058816K
  class space    used 1015K, capacity 1102K, committed 1152K, reserved 1048576K
}
Event: 1.673 GC heap after
{Heap after GC invocations=2 (full 0):
 garbage-first heap   total 262144K, used 9461K [0x0000000080000000, 0x0000000100000000)
  region size 1024K, 2 young (2048K), 2 survivors (2048K)
 Metaspace       used 9930K, capacity 10194K, committed 10368K, reserved 1058816K
  class space    used 1015K, capacity 1102K, committed 1152K, reserved 1048576K
}
Event: 3.554 GC heap before
{Heap before GC invocations=2 (full 0):
 garbage-first heap   total 262144K, used 40181K [0x0000000080000000, 0x0000000100000000)
  region size 1024K, 31 young (31744K), 2 survivors (2048K)
 Metaspace       used 10923K, capacity 11149K, committed 11264K, reserved 1058816K
  class space    used 1116K, capacity 1207K, committed 1280K, reserved 1048576K
}
Event: 3.557 GC heap after
{Heap after GC invocations=3 (full 0):
 garbage-first heap   total 262144K, used 12308K [0x0000000080000000, 0x0000000100000000)
  region size 1024K, 4 young (4096K), 4 survivors (4096K)
 Metaspace       used 10923K, capacity 11149K, committed 11264K, reserved 1058816K
  class space    used 1116K, capacity 1207K, committed 1280K, reserved 1048576K
}
Event: 6.754 GC heap before
{Heap before GC invocations=3 (full 0):
 garbage-first heap   total 262144K, used 54292K [0x0000000080000000, 0x0000000100000000)
  region size 1024K, 46 young (47104K), 4 survivors (4096K)
 Metaspace       used 17699K, capacity 18111K, committed 18432K, reserved 1064960K
  class space    used 2061K, capacity 2209K, committed 2304K, reserved 1048576K
}
Event: 6.764 GC heap after
{Heap after GC invocations=4 (full 0):
 garbage-first heap   total 262144K, used 16478K [0x0000000080000000, 0x0000000100000000)
  region size 1024K, 6 young (6144K), 6 survivors (6144K)
 Metaspace       used 17699K, capacity 18111K, committed 18432K, reserved 1064960K
  class space    used 2061K, capacity 2209K, committed 2304K, reserved 1048576K
}
Event: 7.453 GC heap before
{Heap before GC invocations=4 (full 0):
 garbage-first heap   total 262144K, used 47198K [0x0000000080000000, 0x0000000100000000)
  region size 1024K, 37 young (37888K), 6 survivors (6144K)
 Metaspace       used 20804K, capacity 21197K, committed 21296K, reserved 1069056K
  class space    used 2527K, capacity 2684K, committed 2688K, reserved 1048576K
}
Event: 7.463 GC heap after
{Heap after GC invocations=5 (full 0):
 garbage-first heap   total 262144K, used 17642K [0x0000000080000000, 0x0000000100000000)
  region size 1024K, 8 young (8192K), 8 survivors (8192K)
 Metaspace       used 20804K, capacity 21197K, committed 21296K, reserved 1069056K
  class space    used 2527K, capacity 2684K, committed 2688K, reserved 1048576K
}
Event: 8.882 GC heap before
{Heap before GC invocations=6 (full 0):
 garbage-first heap   total 262144K, used 84202K [0x0000000080000000, 0x0000000100000000)
  region size 1024K, 73 young (74752K), 8 survivors (8192K)
 Metaspace       used 27399K, capacity 28022K, committed 28284K, reserved 1073152K
  class space    used 3557K, capacity 3778K, committed 3788K, reserved 1048576K
}
Event: 8.892 GC heap after
{Heap after GC invocations=7 (full 0):
 garbage-first heap   total 262144K, used 19728K [0x0000000080000000, 0x0000000100000000)
  region size 1024K, 8 young (8192K), 8 survivors (8192K)
 Metaspace       used 27399K, capacity 28022K, committed 28284K, reserved 1073152K
  class space    used 3557K, capacity 3778K, committed 3788K, reserved 1048576K
}
Event: 10.226 GC heap before
{Heap before GC invocations=7 (full 0):
 garbage-first heap   total 262144K, used 67856K [0x0000000080000000, 0x0000000100000000)
  region size 1024K, 56 young (57344K), 8 survivors (8192K)
 Metaspace       used 35180K, capacity 35943K, committed 35964K, reserved 1081344K
  class space    used 4510K, capacity 4803K, committed 4812K, reserved 1048576K
}
Event: 10.237 GC heap after
{Heap after GC invocations=8 (full 0):
 garbage-first heap   total 262144K, used 23392K [0x0000000080000000, 0x0000000100000000)
  region size 1024K, 11 young (11264K), 11 survivors (11264K)
 Metaspace       used 35180K, capacity 35943K, committed 35964K, reserved 1081344K
  class space    used 4510K, capacity 4803K, committed 4812K, reserved 1048576K
}
Event: 13.789 GC heap before
{Heap before GC invocations=9 (full 0):
 garbage-first heap   total 262144K, used 171872K [0x0000000080000000, 0x0000000100000000)
  region size 1024K, 153 young (156672K), 11 survivors (11264K)
 Metaspace       used 46905K, capacity 48125K, committed 48380K, reserved 1091584K
  class space    used 5951K, capacity 6355K, committed 6476K, reserved 1048576K
}
Event: 13.813 GC heap after
{Heap after GC invocations=10 (full 0):
 garbage-first heap   total 262144K, used 31031K [0x0000000080000000, 0x0000000100000000)
  region size 1024K, 15 young (15360K), 15 survivors (15360K)
 Metaspace       used 46905K, capacity 48125K, committed 48380K, reserved 1091584K
  class space    used 5951K, capacity 6355K, committed 6476K, reserved 1048576K
}

Deoptimization events (20 events):
Event: 20.186 Thread 0x0000020dfa210000 DEOPT PACKING pc=0x0000020d80a13917 sp=0x000000c47f5f6190
Event: 20.186 Thread 0x0000020dfa210000 DEOPT UNPACKING pc=0x0000020d8004a95e sp=0x000000c47f5f5718 mode 0
Event: 20.208 Thread 0x0000020dfa210000 DEOPT PACKING pc=0x0000020d80a13917 sp=0x000000c47f5f6060
Event: 20.208 Thread 0x0000020dfa210000 DEOPT UNPACKING pc=0x0000020d8004a95e sp=0x000000c47f5f55e8 mode 0
Event: 20.210 Thread 0x0000020dfa210000 DEOPT PACKING pc=0x0000020d80a13917 sp=0x000000c47f5f61c0
Event: 20.210 Thread 0x0000020dfa210000 DEOPT UNPACKING pc=0x0000020d8004a95e sp=0x000000c47f5f5748 mode 0
Event: 20.212 Thread 0x0000020dfa210000 DEOPT PACKING pc=0x0000020d80a13917 sp=0x000000c47f5f6060
Event: 20.212 Thread 0x0000020dfa210000 DEOPT UNPACKING pc=0x0000020d8004a95e sp=0x000000c47f5f55e8 mode 0
Event: 20.217 Thread 0x0000020dfa210000 DEOPT PACKING pc=0x0000020d80a13917 sp=0x000000c47f5f61c0
Event: 20.217 Thread 0x0000020dfa210000 DEOPT UNPACKING pc=0x0000020d8004a95e sp=0x000000c47f5f5748 mode 0
Event: 20.221 Thread 0x0000020dfa210000 DEOPT PACKING pc=0x0000020d80a13917 sp=0x000000c47f5f6240
Event: 20.221 Thread 0x0000020dfa210000 DEOPT UNPACKING pc=0x0000020d8004a95e sp=0x000000c47f5f57c8 mode 0
Event: 20.222 Thread 0x0000020dfa210000 DEOPT PACKING pc=0x0000020d80a13917 sp=0x000000c47f5f5f60
Event: 20.222 Thread 0x0000020dfa210000 DEOPT UNPACKING pc=0x0000020d8004a95e sp=0x000000c47f5f54e8 mode 0
Event: 20.224 Thread 0x0000020dfa210000 DEOPT PACKING pc=0x0000020d80a13917 sp=0x000000c47f5f6060
Event: 20.224 Thread 0x0000020dfa210000 DEOPT UNPACKING pc=0x0000020d8004a95e sp=0x000000c47f5f55e8 mode 0
Event: 20.226 Thread 0x0000020dfa210000 DEOPT PACKING pc=0x0000020d80a13917 sp=0x000000c47f5f6240
Event: 20.226 Thread 0x0000020dfa210000 DEOPT UNPACKING pc=0x0000020d8004a95e sp=0x000000c47f5f57c8 mode 0
Event: 20.227 Thread 0x0000020dfa210000 DEOPT PACKING pc=0x0000020d80a13917 sp=0x000000c47f5f5ee0
Event: 20.227 Thread 0x0000020dfa210000 DEOPT UNPACKING pc=0x0000020d8004a95e sp=0x000000c47f5f5468 mode 0

Classes redefined (0 events):
No events

Internal exceptions (20 events):
Event: 16.056 Thread 0x0000020dfa210000 Exception <a 'java/security/PrivilegedActionException'{0x000000008ca968a0}> (0x000000008ca968a0) thrown at [./src/hotspot/share/prims/jvm.cpp, line 1306]
Event: 16.084 Thread 0x0000020dfa210000 Exception <a 'java/security/PrivilegedActionException'{0x000000008ca97b60}> (0x000000008ca97b60) thrown at [./src/hotspot/share/prims/jvm.cpp, line 1306]
Event: 16.085 Thread 0x0000020dfa210000 Exception <a 'java/security/PrivilegedActionException'{0x000000008ca9aa68}> (0x000000008ca9aa68) thrown at [./src/hotspot/share/prims/jvm.cpp, line 1306]
Event: 16.085 Thread 0x0000020dfa210000 Exception <a 'java/security/PrivilegedActionException'{0x000000008ca9bd28}> (0x000000008ca9bd28) thrown at [./src/hotspot/share/prims/jvm.cpp, line 1306]
Event: 16.085 Thread 0x0000020dfa210000 Exception <a 'java/security/PrivilegedActionException'{0x000000008ca9ed68}> (0x000000008ca9ed68) thrown at [./src/hotspot/share/prims/jvm.cpp, line 1306]
Event: 16.085 Thread 0x0000020dfa210000 Exception <a 'java/security/PrivilegedActionException'{0x000000008caa0028}> (0x000000008caa0028) thrown at [./src/hotspot/share/prims/jvm.cpp, line 1306]
Event: 16.086 Thread 0x0000020dfa210000 Exception <a 'java/security/PrivilegedActionException'{0x000000008caa2f70}> (0x000000008caa2f70) thrown at [./src/hotspot/share/prims/jvm.cpp, line 1306]
Event: 16.086 Thread 0x0000020dfa210000 Exception <a 'java/security/PrivilegedActionException'{0x000000008caa4230}> (0x000000008caa4230) thrown at [./src/hotspot/share/prims/jvm.cpp, line 1306]
Event: 16.086 Thread 0x0000020dfa210000 Exception <a 'java/security/PrivilegedActionException'{0x000000008caa7348}> (0x000000008caa7348) thrown at [./src/hotspot/share/prims/jvm.cpp, line 1306]
Event: 16.086 Thread 0x0000020dfa210000 Exception <a 'java/security/PrivilegedActionException'{0x000000008caa8608}> (0x000000008caa8608) thrown at [./src/hotspot/share/prims/jvm.cpp, line 1306]
Event: 16.086 Thread 0x0000020dfa210000 Exception <a 'java/security/PrivilegedActionException'{0x000000008caab648}> (0x000000008caab648) thrown at [./src/hotspot/share/prims/jvm.cpp, line 1306]
Event: 16.086 Thread 0x0000020dfa210000 Exception <a 'java/security/PrivilegedActionException'{0x000000008caac908}> (0x000000008caac908) thrown at [./src/hotspot/share/prims/jvm.cpp, line 1306]
Event: 18.346 Thread 0x0000020dfa210000 Exception <a 'java/lang/ClassNotFoundException'{0x000000008c095f90}: org/gradle/api/internal/plugins/DefaultObjectConfigurationActionBeanInfo> (0x000000008c095f90) thrown at [./src/hotspot/share/classfile/systemDictionary.cpp, line 231]
Event: 18.348 Thread 0x0000020dfa210000 Exception <a 'java/lang/ClassNotFoundException'{0x000000008c0ccb48}: org/gradle/api/internal/plugins/DefaultObjectConfigurationActionCustomizer> (0x000000008c0ccb48) thrown at [./src/hotspot/share/classfile/systemDictionary.cpp, line 231]
Event: 19.209 Thread 0x0000020dfa210000 Exception <a 'java/lang/NoSuchMethodError'{0x000000008b5bad00}: 'java.lang.Object java.lang.invoke.DirectMethodHandle$Holder.invokeStatic(java.lang.Object, java.lang.Object, java.lang.Object, java.lang.Object, int)'> (0x000000008b5bad00) thrown at [./src/hotspot/share/interpreter/linkResolver.cpp, line 773]
Event: 19.209 Thread 0x0000020dfa210000 Exception <a 'java/lang/NoSuchMethodError'{0x000000008b5bf6f8}: 'java.lang.Object java.lang.invoke.DirectMethodHandle$Holder.invokeSpecial(java.lang.Object, java.lang.Object, java.lang.Object, java.lang.Object, java.lang.Object, int)'> (0x000000008b5bf6f8) thrown at [./src/hotspot/share/interpreter/linkResolver.cpp, line 773]
Event: 19.210 Thread 0x0000020dfa210000 Exception <a 'java/lang/NoSuchMethodError'{0x000000008b5c3d38}: 'java.lang.Object java.lang.invoke.Invokers$Holder.linkToTargetMethod(java.lang.Object, java.lang.Object, java.lang.Object, int, java.lang.Object)'> (0x000000008b5c3d38) thrown at [./src/hotspot/share/interpreter/linkResolver.cpp, line 773]
Event: 19.689 Thread 0x0000020dfa210000 Exception <a 'java/lang/NoSuchMethodError'{0x000000008a5e26a0}: 'java.lang.Object java.lang.invoke.DirectMethodHandle$Holder.invokeSpecial(java.lang.Object, java.lang.Object, int, int, java.lang.Object, java.lang.Object, java.lang.Object)'> (0x000000008a5e26a0) thrown at [./src/hotspot/share/interpreter/linkResolver.cpp, line 773]
Event: 19.690 Thread 0x0000020dfa210000 Exception <a 'java/lang/NoSuchMethodError'{0x000000008a5e6c20}: 'java.lang.Object java.lang.invoke.DelegatingMethodHandle$Holder.reinvoke_L(java.lang.Object, int, int, java.lang.Object, java.lang.Object, java.lang.Object)'> (0x000000008a5e6c20) thrown at [./src/hotspot/share/interpreter/linkResolver.cpp, line 773]
Event: 20.446 Thread 0x0000020dfa210000 Exception <a 'java/lang/NoSuchMethodError'{0x00000000898f9910}: 'int java.lang.invoke.DirectMethodHandle$Holder.invokeInterface(java.lang.Object, java.lang.Object, java.lang.Object, java.lang.Object)'> (0x00000000898f9910) thrown at [./src/hotspot/share/interpreter/linkResolver.cpp, line 773]

Events (20 events):
Event: 20.448 loading class org/gradle/api/tasks/PathSensitivity
Event: 20.448 loading class org/gradle/api/tasks/PathSensitivity done
Event: 20.448 loading class org/gradle/api/tasks/PathSensitivity
Event: 20.448 loading class org/gradle/api/tasks/PathSensitivity done
Event: 20.449 loading class org/gradle/api/artifacts/transform/InputArtifact
Event: 20.449 loading class org/gradle/api/artifacts/transform/InputArtifact done
Event: 20.451 loading class org/gradle/internal/reflect/validation/TypeValidationContext
Event: 20.451 loading class org/gradle/internal/reflect/validation/TypeValidationContext done
Event: 20.451 loading class org/gradle/internal/reflect/validation/TypeValidationContext
Event: 20.451 loading class org/gradle/internal/reflect/validation/TypeValidationContext done
Event: 20.451 loading class org/gradle/api/internal/tasks/properties/DefaultTypeMetadataStore$DefaultPropertyMetadata
Event: 20.451 loading class org/gradle/api/internal/tasks/properties/DefaultTypeMetadataStore$DefaultPropertyMetadata done
Event: 20.454 loading class org/gradle/api/internal/tasks/properties/DefaultTypeMetadataStore$DefaultTypeMetadata
Event: 20.454 loading class org/gradle/api/internal/tasks/properties/DefaultTypeMetadataStore$DefaultTypeMetadata done
Event: 20.455 loading class org/gradle/internal/reflect/DefaultTypeValidationContext
Event: 20.455 loading class org/gradle/internal/reflect/DefaultTypeValidationContext done
Event: 20.456 loading class org/gradle/internal/reflect/ProblemRecordingTypeValidationContext
Event: 20.456 loading class org/gradle/internal/reflect/ProblemRecordingTypeValidationContext done
Event: 20.456 loading class org/gradle/api/internal/artifacts/transform/DefaultTransformationRegistrationFactory$NormalizerCollectingVisitor
Event: 20.456 loading class org/gradle/api/internal/artifacts/transform/DefaultTransformationRegistrationFactory$NormalizerCollectingVisitor done


Dynamic libraries:
0x00007ff6de3e0000 - 0x00007ff6de3ea000 	C:\Program Files\Android\Android Studio2\jre\bin\java.exe
0x00007ff9a9e30000 - 0x00007ff9aa028000 	C:\WINDOWS\SYSTEM32\ntdll.dll
0x00007ff9a81e0000 - 0x00007ff9a829f000 	C:\WINDOWS\System32\KERNEL32.DLL
0x00007ff9a78c0000 - 0x00007ff9a7b92000 	C:\WINDOWS\System32\KERNELBASE.dll
0x00007ff9a7c30000 - 0x00007ff9a7d30000 	C:\WINDOWS\System32\ucrtbase.dll
0x00007ff992cb0000 - 0x00007ff992cc9000 	C:\Program Files\Android\Android Studio2\jre\bin\jli.dll
0x00007ff993850000 - 0x00007ff993867000 	C:\Program Files\Android\Android Studio2\jre\bin\VCRUNTIME140.dll
0x00007ff9a82a0000 - 0x00007ff9a843d000 	C:\WINDOWS\System32\USER32.dll
0x00007ff9a7580000 - 0x00007ff9a75a2000 	C:\WINDOWS\System32\win32u.dll
0x00007ff99f430000 - 0x00007ff99f6ca000 	C:\WINDOWS\WinSxS\amd64_microsoft.windows.common-controls_6595b64144ccf1df_6.0.19041.1110_none_60b5254171f9507e\COMCTL32.dll
0x00007ff9a8110000 - 0x00007ff9a813b000 	C:\WINDOWS\System32\GDI32.dll
0x00007ff9a77b0000 - 0x00007ff9a78bf000 	C:\WINDOWS\System32\gdi32full.dll
0x00007ff9a8d00000 - 0x00007ff9a8d9e000 	C:\WINDOWS\System32\msvcrt.dll
0x00007ff9a7710000 - 0x00007ff9a77ad000 	C:\WINDOWS\System32\msvcp_win.dll
0x00007ff9a90d0000 - 0x00007ff9a9102000 	C:\WINDOWS\System32\IMM32.DLL
0x00007ff97e520000 - 0x00007ff97e5bd000 	C:\Program Files\Android\Android Studio2\jre\bin\msvcp140.dll
0x00007ff9695a0000 - 0x00007ff96a0a2000 	C:\Program Files\Android\Android Studio2\jre\bin\server\jvm.dll
0x00007ff9a8060000 - 0x00007ff9a810e000 	C:\WINDOWS\System32\ADVAPI32.dll
0x00007ff9a8140000 - 0x00007ff9a81dc000 	C:\WINDOWS\System32\sechost.dll
0x00007ff9a8e70000 - 0x00007ff9a8f95000 	C:\WINDOWS\System32\RPCRT4.dll
0x00007ff9a8cf0000 - 0x00007ff9a8cf8000 	C:\WINDOWS\System32\PSAPI.DLL
0x00007ff96be50000 - 0x00007ff96be59000 	C:\WINDOWS\SYSTEM32\WSOCK32.dll
0x00007ff9a8a40000 - 0x00007ff9a8aab000 	C:\WINDOWS\System32\WS2_32.dll
0x00007ff99f750000 - 0x00007ff99f777000 	C:\WINDOWS\SYSTEM32\WINMM.dll
0x00007ff9a0050000 - 0x00007ff9a005a000 	C:\WINDOWS\SYSTEM32\VERSION.dll
0x00007ff9a53f0000 - 0x00007ff9a5402000 	C:\WINDOWS\SYSTEM32\kernel.appcore.dll
0x00007ff992d60000 - 0x00007ff992d71000 	C:\Program Files\Android\Android Studio2\jre\bin\verify.dll
0x00007ff9a1ec0000 - 0x00007ff9a20a4000 	C:\WINDOWS\SYSTEM32\DBGHELP.DLL
0x00007ff9a1d30000 - 0x00007ff9a1d5c000 	C:\WINDOWS\SYSTEM32\dbgcore.DLL
0x00007ff9a7ba0000 - 0x00007ff9a7c22000 	C:\WINDOWS\System32\bcryptPrimitives.dll
0x00007ff991660000 - 0x00007ff991689000 	C:\Program Files\Android\Android Studio2\jre\bin\java.dll
0x00007ff9a2550000 - 0x00007ff9a255b000 	C:\Program Files\Android\Android Studio2\jre\bin\jimage.dll
0x00007ff992d40000 - 0x00007ff992d58000 	C:\Program Files\Android\Android Studio2\jre\bin\zip.dll
0x00007ff9a9240000 - 0x00007ff9a9983000 	C:\WINDOWS\System32\SHELL32.dll
0x00007ff9a55f0000 - 0x00007ff9a5d82000 	C:\WINDOWS\SYSTEM32\windows.storage.dll
0x00007ff9a9990000 - 0x00007ff9a9ce4000 	C:\WINDOWS\System32\combase.dll
0x00007ff9a6eb0000 - 0x00007ff9a6ee0000 	C:\WINDOWS\SYSTEM32\Wldp.dll
0x00007ff9a9110000 - 0x00007ff9a91bd000 	C:\WINDOWS\System32\SHCORE.dll
0x00007ff9a7fa0000 - 0x00007ff9a7ff5000 	C:\WINDOWS\System32\shlwapi.dll
0x00007ff9a7470000 - 0x00007ff9a748f000 	C:\WINDOWS\SYSTEM32\profapi.dll
0x00007ff991c50000 - 0x00007ff991c6a000 	C:\Program Files\Android\Android Studio2\jre\bin\net.dll
0x00007ff99fb80000 - 0x00007ff99fc8c000 	C:\WINDOWS\SYSTEM32\WINHTTP.dll
0x00007ff9a6c10000 - 0x00007ff9a6c7a000 	C:\WINDOWS\system32\mswsock.dll
0x00007ff991790000 - 0x00007ff9917a4000 	C:\Program Files\Android\Android Studio2\jre\bin\nio.dll
0x00007ff989f20000 - 0x00007ff989f47000 	C:\Users\NUMBER 1\.gradle\native\e1d6ef7f7dcc3fd88c89a11ec53ec762bb8ba0a96d01ffa2cd45eb1d1d8dd5c5\windows-amd64\native-platform.dll
0x00007ff96bee0000 - 0x00007ff96c024000 	C:\Users\NUMBER 1\.gradle\native\0d407fdbe67a94daf76414ababcb853783967236a71b16ec16e742cd7a986fd3\windows-amd64\native-platform-file-events.dll
0x00007ff9a1340000 - 0x00007ff9a134a000 	C:\Program Files\Android\Android Studio2\jre\bin\management.dll
0x00007ff992620000 - 0x00007ff99262d000 	C:\Program Files\Android\Android Studio2\jre\bin\management_ext.dll
0x00007ff9a6e10000 - 0x00007ff9a6e28000 	C:\WINDOWS\SYSTEM32\CRYPTSP.dll
0x00007ff9a6530000 - 0x00007ff9a6564000 	C:\WINDOWS\system32\rsaenh.dll
0x00007ff9a7d30000 - 0x00007ff9a7d57000 	C:\WINDOWS\System32\bcrypt.dll
0x00007ff9a73f0000 - 0x00007ff9a741e000 	C:\WINDOWS\SYSTEM32\USERENV.dll
0x00007ff9a6e00000 - 0x00007ff9a6e0c000 	C:\WINDOWS\SYSTEM32\CRYPTBASE.dll
0x00007ff9a6900000 - 0x00007ff9a693b000 	C:\WINDOWS\SYSTEM32\IPHLPAPI.DLL
0x00007ff9a9d00000 - 0x00007ff9a9d08000 	C:\WINDOWS\System32\NSI.dll
0x00007ff9a1560000 - 0x00007ff9a1577000 	C:\WINDOWS\SYSTEM32\dhcpcsvc6.DLL
0x00007ff9a1c00000 - 0x00007ff9a1c1d000 	C:\WINDOWS\SYSTEM32\dhcpcsvc.DLL
0x00007ff9a6940000 - 0x00007ff9a6a0a000 	C:\WINDOWS\SYSTEM32\DNSAPI.dll

dbghelp: loaded successfully - version: 4.0.5 - missing functions: none
symbol engine: initialized successfully - sym options: 0x614 - pdb path: .;C:\Program Files\Android\Android Studio2\jre\bin;C:\WINDOWS\SYSTEM32;C:\WINDOWS\WinSxS\amd64_microsoft.windows.common-controls_6595b64144ccf1df_6.0.19041.1110_none_60b5254171f9507e;C:\Program Files\Android\Android Studio2\jre\bin\server;C:\Users\NUMBER 1\.gradle\native\e1d6ef7f7dcc3fd88c89a11ec53ec762bb8ba0a96d01ffa2cd45eb1d1d8dd5c5\windows-amd64;C:\Users\NUMBER 1\.gradle\native\0d407fdbe67a94daf76414ababcb853783967236a71b16ec16e742cd7a986fd3\windows-amd64

VM Arguments:
jvm_args: --add-opens=java.base/java.util=ALL-UNNAMED --add-opens=java.base/java.lang=ALL-UNNAMED --add-opens=java.base/java.lang.invoke=ALL-UNNAMED --add-opens=java.base/java.util=ALL-UNNAMED --add-opens=java.prefs/java.util.prefs=ALL-UNNAMED --add-opens=java.prefs/java.util.prefs=ALL-UNNAMED --add-opens=java.base/java.nio.charset=ALL-UNNAMED --add-opens=java.base/java.net=ALL-UNNAMED --add-opens=java.base/java.util.concurrent.atomic=ALL-UNNAMED -Xmx2048m -Dfile.encoding=UTF-8 -Duser.country=US -Duser.language=en -Duser.variant 
java_command: org.gradle.launcher.daemon.bootstrap.GradleDaemon 7.4
java_class_path (initial): C:\Users\NUMBER 1\.gradle\wrapper\dists\gradle-7.4-bin\c0gwcg53nkjbqw7r0h0umtfvt\gradle-7.4\lib\gradle-launcher-7.4.jar
Launcher Type: SUN_STANDARD

[Global flags]
     intx CICompilerCount                          = 3                                         {product} {ergonomic}
     uint ConcGCThreads                            = 1                                         {product} {ergonomic}
     uint G1ConcRefinementThreads                  = 4                                         {product} {ergonomic}
   size_t G1HeapRegionSize                         = 1048576                                   {product} {ergonomic}
    uintx GCDrainStackTargetSize                   = 64                                        {product} {ergonomic}
   size_t InitialHeapSize                          = 268435456                                 {product} {ergonomic}
   size_t MarkStackSize                            = 4194304                                   {product} {ergonomic}
   size_t MaxHeapSize                              = 2147483648                                {product} {command line}
   size_t MaxNewSize                               = 1287651328                                {product} {ergonomic}
   size_t MinHeapDeltaBytes                        = 1048576                                   {product} {ergonomic}
    uintx NonNMethodCodeHeapSize                   = 5830732                                {pd product} {ergonomic}
    uintx NonProfiledCodeHeapSize                  = 122913754                              {pd product} {ergonomic}
    uintx ProfiledCodeHeapSize                     = 122913754                              {pd product} {ergonomic}
    uintx ReservedCodeCacheSize                    = 251658240                              {pd product} {ergonomic}
     bool SegmentedCodeCache                       = true                                      {product} {ergonomic}
     bool UseCompressedClassPointers               = true                                 {lp64_product} {ergonomic}
     bool UseCompressedOops                        = true                                 {lp64_product} {ergonomic}
     bool UseG1GC                                  = true                                      {product} {ergonomic}
     bool UseLargePagesIndividualAllocation        = false                                  {pd product} {ergonomic}

Logging:
Log output configuration:
 #0: stdout all=warning uptime,level,tags
 #1: stderr all=off uptime,level,tags

Environment Variables:
JAVA_HOME=C:\Program Files\Java\jdk1.8.0_221
PATH=C:\Program Files (x86)\Common Files\Oracle\Java\javapath;C:\WINDOWS\system32;C:\WINDOWS;C:\WINDOWS\System32\Wbem;C:\WINDOWS\System32\WindowsPowerShell\v1.0\;C:\Program Files (x86)\ATI Technologies\ATI.ACE\Core-Static;C:\WINDOWS\System32\OpenSSH\;C:\Program Files (x86)\Windows Kits\10\Windows Performance Toolkit\;C:\Program Files\Java\jdk1.8.0_221\bin;C:\Program Files\dotnet\;C:\Program Files\Git\cmd;C:\src\flutter\bin;C:\Program Files\Android\Android Studio\jre\jre;C:\Users\NUMBER 1\AppData\Local\Programs\Python\Python39;C:\Program Files\kotlinc\bin;C:\Program Files\MySQL\MySQL Shell 8.0\bin\;C:\src\flutter\bin;C:\Users\NUMBER 1\AppData\Local\Microsoft\WindowsApps;C:\Program Files\Android\Android Studio\jre\jre;C:\Users\NUMBER 1\AppData\Local\GitHubDesktop\bin;C:\xampp\php;C:\Program Files\JetBrains\IntelliJ IDEA Community Edition 2022.2.3\bin;
USERNAME=   
OS=Windows_NT
PROCESSOR_IDENTIFIER=Intel64 Family 6 Model 60 Stepping 3, GenuineIntel



---------------  S Y S T E M  ---------------

OS: Windows 10 , 64 bit Build 19041 (10.0.19041.2251)
OS uptime: 16 days 0:55 hours

CPU:total 4 (initial active 4) (2 cores per cpu, 2 threads per core) family 6 model 60 stepping 3 microcode 0x27, cmov, cx8, fxsr, mmx, sse, sse2, sse3, ssse3, sse4.1, sse4.2, popcnt, avx, avx2, aes, clmul, erms, lzcnt, ht, tsc, tscinvbit, bmi1, bmi2, fma

Memory: 4k page, system-wide physical 16289M (2329M free)
TotalPageFile size 19221M (AvailPageFile size 0M)
current process WorkingSet (physical memory assigned to process): 377M, peak: 380M
current process commit charge ("private bytes"): 475M, peak: 478M

vm_info: OpenJDK 64-Bit Server VM (11.0.13+0-b1751.21-8125866) for windows-amd64 JRE (11.0.13+0-b1751.21-8125866), built on Feb  2 2022 03:00:22 by "builder" with MS VC++ 14.0 (VS2015)

END.
